Command line invocation:
    /Applications/Xcode.app/Contents/Developer/usr/bin/xcodebuild -scheme migraine_note -destination "platform=iOS Simulator,name=iPhone 17 Pro" clean build

2026-02-02 23:43:35.366 xcodebuild[4864:6013775] [MT] IDERunDestination: Supported platforms for the buildables in the current scheme is empty.
CreateBuildRequest

SendProjectDescription

CreateBuildOperation

** CLEAN SUCCEEDED **

ComputePackagePrebuildTargetDependencyGraph

Prepare packages

CreateBuildRequest

SendProjectDescription

CreateBuildOperation

ComputeTargetDependencyGraph
note: Building targets in dependency order
note: Target dependency graph (1 target)
    Target 'migraine_note' in project 'migraine_note' (no dependencies)

GatherProvisioningInputs

CreateBuildDescription

ExecuteExternalTool /Applications/Xcode.app/Contents/Developer/Toolchains/XcodeDefault.xctoolchain/usr/bin/clang -v -E -dM -isysroot /Applications/Xcode.app/Contents/Developer/Platforms/iPhoneSimulator.platform/Developer/SDKs/iPhoneSimulator26.0.sdk -x c -c /dev/null

ExecuteExternalTool /Applications/Xcode.app/Contents/Developer/usr/bin/actool --print-asset-tag-combinations --output-format xml1 /Users/xuxiaolong/OpenSource/migraine_note_ios/migraine_note/migraine_note/Assets.xcassets

ExecuteExternalTool /Applications/Xcode.app/Contents/Developer/usr/bin/actool --version --output-format xml1

ExecuteExternalTool /Applications/Xcode.app/Contents/Developer/Toolchains/XcodeDefault.xctoolchain/usr/bin/swiftc --version

ExecuteExternalTool /Applications/Xcode.app/Contents/Developer/Toolchains/XcodeDefault.xctoolchain/usr/bin/ld -version_details

Build description signature: 83dda0bb363e32d66da223af42be51e2
Build description path: /Users/xuxiaolong/Library/Developer/Xcode/DerivedData/migraine_note-halpobnjzjhjiietxcgkvvkfbuii/Build/Intermediates.noindex/XCBuildData/83dda0bb363e32d66da223af42be51e2.xcbuilddata
ClangStatCache /Applications/Xcode.app/Contents/Developer/Toolchains/XcodeDefault.xctoolchain/usr/bin/clang-stat-cache /Applications/Xcode.app/Contents/Developer/Platforms/iPhoneSimulator.platform/Developer/SDKs/iPhoneSimulator26.0.sdk /Users/xuxiaolong/Library/Developer/Xcode/DerivedData/SDKStatCaches.noindex/iphonesimulator26.0-23A339-26257891a6c027eb51374368541b8346.sdkstatcache
    cd /Users/xuxiaolong/OpenSource/migraine_note_ios/migraine_note/migraine_note.xcodeproj
    /Applications/Xcode.app/Contents/Developer/Toolchains/XcodeDefault.xctoolchain/usr/bin/clang-stat-cache /Applications/Xcode.app/Contents/Developer/Platforms/iPhoneSimulator.platform/Developer/SDKs/iPhoneSimulator26.0.sdk -o /Users/xuxiaolong/Library/Developer/Xcode/DerivedData/SDKStatCaches.noindex/iphonesimulator26.0-23A339-26257891a6c027eb51374368541b8346.sdkstatcache

CreateBuildDirectory /Users/xuxiaolong/Library/Developer/Xcode/DerivedData/migraine_note-halpobnjzjhjiietxcgkvvkfbuii/Build/Intermediates.noindex
    cd /Users/xuxiaolong/OpenSource/migraine_note_ios/migraine_note/migraine_note.xcodeproj
    builtin-create-build-directory /Users/xuxiaolong/Library/Developer/Xcode/DerivedData/migraine_note-halpobnjzjhjiietxcgkvvkfbuii/Build/Intermediates.noindex

CreateBuildDirectory /Users/xuxiaolong/Library/Developer/Xcode/DerivedData/migraine_note-halpobnjzjhjiietxcgkvvkfbuii/Build/Products
    cd /Users/xuxiaolong/OpenSource/migraine_note_ios/migraine_note/migraine_note.xcodeproj
    builtin-create-build-directory /Users/xuxiaolong/Library/Developer/Xcode/DerivedData/migraine_note-halpobnjzjhjiietxcgkvvkfbuii/Build/Products

CreateBuildDirectory /Users/xuxiaolong/Library/Developer/Xcode/DerivedData/migraine_note-halpobnjzjhjiietxcgkvvkfbuii/Build/Intermediates.noindex/SwiftExplicitPrecompiledModules
    cd /Users/xuxiaolong/OpenSource/migraine_note_ios/migraine_note/migraine_note.xcodeproj
    builtin-create-build-directory /Users/xuxiaolong/Library/Developer/Xcode/DerivedData/migraine_note-halpobnjzjhjiietxcgkvvkfbuii/Build/Intermediates.noindex/SwiftExplicitPrecompiledModules

CreateBuildDirectory /Users/xuxiaolong/Library/Developer/Xcode/DerivedData/migraine_note-halpobnjzjhjiietxcgkvvkfbuii/Build/Intermediates.noindex/ExplicitPrecompiledModules
    cd /Users/xuxiaolong/OpenSource/migraine_note_ios/migraine_note/migraine_note.xcodeproj
    builtin-create-build-directory /Users/xuxiaolong/Library/Developer/Xcode/DerivedData/migraine_note-halpobnjzjhjiietxcgkvvkfbuii/Build/Intermediates.noindex/ExplicitPrecompiledModules

CreateBuildDirectory /Users/xuxiaolong/Library/Developer/Xcode/DerivedData/migraine_note-halpobnjzjhjiietxcgkvvkfbuii/Build/Intermediates.noindex/EagerLinkingTBDs/Debug-iphonesimulator
    cd /Users/xuxiaolong/OpenSource/migraine_note_ios/migraine_note/migraine_note.xcodeproj
    builtin-create-build-directory /Users/xuxiaolong/Library/Developer/Xcode/DerivedData/migraine_note-halpobnjzjhjiietxcgkvvkfbuii/Build/Intermediates.noindex/EagerLinkingTBDs/Debug-iphonesimulator

WriteAuxiliaryFile /Users/xuxiaolong/Library/Developer/Xcode/DerivedData/migraine_note-halpobnjzjhjiietxcgkvvkfbuii/Build/Intermediates.noindex/migraine_note.build/Debug-iphonesimulator/migraine_note-78314f03f0350bb43d3e9ccf523433c6-VFS-iphonesimulator/all-product-headers.yaml
    cd /Users/xuxiaolong/OpenSource/migraine_note_ios/migraine_note/migraine_note.xcodeproj
    write-file /Users/xuxiaolong/Library/Developer/Xcode/DerivedData/migraine_note-halpobnjzjhjiietxcgkvvkfbuii/Build/Intermediates.noindex/migraine_note.build/Debug-iphonesimulator/migraine_note-78314f03f0350bb43d3e9ccf523433c6-VFS-iphonesimulator/all-product-headers.yaml

CreateBuildDirectory /Users/xuxiaolong/Library/Developer/Xcode/DerivedData/migraine_note-halpobnjzjhjiietxcgkvvkfbuii/Build/Products/Debug-iphonesimulator
    cd /Users/xuxiaolong/OpenSource/migraine_note_ios/migraine_note/migraine_note.xcodeproj
    builtin-create-build-directory /Users/xuxiaolong/Library/Developer/Xcode/DerivedData/migraine_note-halpobnjzjhjiietxcgkvvkfbuii/Build/Products/Debug-iphonesimulator

WriteAuxiliaryFile /Users/xuxiaolong/Library/Developer/Xcode/DerivedData/migraine_note-halpobnjzjhjiietxcgkvvkfbuii/Build/Intermediates.noindex/migraine_note.build/Debug-iphonesimulator/migraine_note.build/migraine_note.DependencyStaticMetadataFileList (in target 'migraine_note' from project 'migraine_note')
    cd /Users/xuxiaolong/OpenSource/migraine_note_ios/migraine_note
    write-file /Users/xuxiaolong/Library/Developer/Xcode/DerivedData/migraine_note-halpobnjzjhjiietxcgkvvkfbuii/Build/Intermediates.noindex/migraine_note.build/Debug-iphonesimulator/migraine_note.build/migraine_note.DependencyStaticMetadataFileList

WriteAuxiliaryFile /Users/xuxiaolong/Library/Developer/Xcode/DerivedData/migraine_note-halpobnjzjhjiietxcgkvvkfbuii/Build/Intermediates.noindex/migraine_note.build/Debug-iphonesimulator/migraine_note.build/migraine_note-all-target-headers.hmap (in target 'migraine_note' from project 'migraine_note')
    cd /Users/xuxiaolong/OpenSource/migraine_note_ios/migraine_note
    write-file /Users/xuxiaolong/Library/Developer/Xcode/DerivedData/migraine_note-halpobnjzjhjiietxcgkvvkfbuii/Build/Intermediates.noindex/migraine_note.build/Debug-iphonesimulator/migraine_note.build/migraine_note-all-target-headers.hmap

WriteAuxiliaryFile /Users/xuxiaolong/Library/Developer/Xcode/DerivedData/migraine_note-halpobnjzjhjiietxcgkvvkfbuii/Build/Intermediates.noindex/migraine_note.build/Debug-iphonesimulator/migraine_note.build/migraine_note.hmap (in target 'migraine_note' from project 'migraine_note')
    cd /Users/xuxiaolong/OpenSource/migraine_note_ios/migraine_note
    write-file /Users/xuxiaolong/Library/Developer/Xcode/DerivedData/migraine_note-halpobnjzjhjiietxcgkvvkfbuii/Build/Intermediates.noindex/migraine_note.build/Debug-iphonesimulator/migraine_note.build/migraine_note.hmap

WriteAuxiliaryFile /Users/xuxiaolong/Library/Developer/Xcode/DerivedData/migraine_note-halpobnjzjhjiietxcgkvvkfbuii/Build/Intermediates.noindex/migraine_note.build/Debug-iphonesimulator/migraine_note.build/migraine_note-all-non-framework-target-headers.hmap (in target 'migraine_note' from project 'migraine_note')
    cd /Users/xuxiaolong/OpenSource/migraine_note_ios/migraine_note
    write-file /Users/xuxiaolong/Library/Developer/Xcode/DerivedData/migraine_note-halpobnjzjhjiietxcgkvvkfbuii/Build/Intermediates.noindex/migraine_note.build/Debug-iphonesimulator/migraine_note.build/migraine_note-all-non-framework-target-headers.hmap

WriteAuxiliaryFile /Users/xuxiaolong/Library/Developer/Xcode/DerivedData/migraine_note-halpobnjzjhjiietxcgkvvkfbuii/Build/Intermediates.noindex/migraine_note.build/Debug-iphonesimulator/migraine_note.build/migraine_note-own-target-headers.hmap (in target 'migraine_note' from project 'migraine_note')
    cd /Users/xuxiaolong/OpenSource/migraine_note_ios/migraine_note
    write-file /Users/xuxiaolong/Library/Developer/Xcode/DerivedData/migraine_note-halpobnjzjhjiietxcgkvvkfbuii/Build/Intermediates.noindex/migraine_note.build/Debug-iphonesimulator/migraine_note.build/migraine_note-own-target-headers.hmap

WriteAuxiliaryFile /Users/xuxiaolong/Library/Developer/Xcode/DerivedData/migraine_note-halpobnjzjhjiietxcgkvvkfbuii/Build/Intermediates.noindex/migraine_note.build/Debug-iphonesimulator/migraine_note.build/migraine_note-project-headers.hmap (in target 'migraine_note' from project 'migraine_note')
    cd /Users/xuxiaolong/OpenSource/migraine_note_ios/migraine_note
    write-file /Users/xuxiaolong/Library/Developer/Xcode/DerivedData/migraine_note-halpobnjzjhjiietxcgkvvkfbuii/Build/Intermediates.noindex/migraine_note.build/Debug-iphonesimulator/migraine_note.build/migraine_note-project-headers.hmap

WriteAuxiliaryFile /Users/xuxiaolong/Library/Developer/Xcode/DerivedData/migraine_note-halpobnjzjhjiietxcgkvvkfbuii/Build/Intermediates.noindex/migraine_note.build/Debug-iphonesimulator/migraine_note.build/migraine_note.DependencyMetadataFileList (in target 'migraine_note' from project 'migraine_note')
    cd /Users/xuxiaolong/OpenSource/migraine_note_ios/migraine_note
    write-file /Users/xuxiaolong/Library/Developer/Xcode/DerivedData/migraine_note-halpobnjzjhjiietxcgkvvkfbuii/Build/Intermediates.noindex/migraine_note.build/Debug-iphonesimulator/migraine_note.build/migraine_note.DependencyMetadataFileList

WriteAuxiliaryFile /Users/xuxiaolong/Library/Developer/Xcode/DerivedData/migraine_note-halpobnjzjhjiietxcgkvvkfbuii/Build/Intermediates.noindex/migraine_note.build/Debug-iphonesimulator/migraine_note.build/migraine_note-generated-files.hmap (in target 'migraine_note' from project 'migraine_note')
    cd /Users/xuxiaolong/OpenSource/migraine_note_ios/migraine_note
    write-file /Users/xuxiaolong/Library/Developer/Xcode/DerivedData/migraine_note-halpobnjzjhjiietxcgkvvkfbuii/Build/Intermediates.noindex/migraine_note.build/Debug-iphonesimulator/migraine_note.build/migraine_note-generated-files.hmap

WriteAuxiliaryFile /Users/xuxiaolong/Library/Developer/Xcode/DerivedData/migraine_note-halpobnjzjhjiietxcgkvvkfbuii/Build/Intermediates.noindex/migraine_note.build/Debug-iphonesimulator/migraine_note.build/migraine_note-DebugDylibPath-normal-arm64.txt (in target 'migraine_note' from project 'migraine_note')
    cd /Users/xuxiaolong/OpenSource/migraine_note_ios/migraine_note
    write-file /Users/xuxiaolong/Library/Developer/Xcode/DerivedData/migraine_note-halpobnjzjhjiietxcgkvvkfbuii/Build/Intermediates.noindex/migraine_note.build/Debug-iphonesimulator/migraine_note.build/migraine_note-DebugDylibPath-normal-arm64.txt

WriteAuxiliaryFile /Users/xuxiaolong/Library/Developer/Xcode/DerivedData/migraine_note-halpobnjzjhjiietxcgkvvkfbuii/Build/Intermediates.noindex/migraine_note.build/Debug-iphonesimulator/migraine_note.build/migraine_note-DebugDylibInstallName-normal-arm64.txt (in target 'migraine_note' from project 'migraine_note')
    cd /Users/xuxiaolong/OpenSource/migraine_note_ios/migraine_note
    write-file /Users/xuxiaolong/Library/Developer/Xcode/DerivedData/migraine_note-halpobnjzjhjiietxcgkvvkfbuii/Build/Intermediates.noindex/migraine_note.build/Debug-iphonesimulator/migraine_note.build/migraine_note-DebugDylibInstallName-normal-arm64.txt

WriteAuxiliaryFile /Users/xuxiaolong/Library/Developer/Xcode/DerivedData/migraine_note-halpobnjzjhjiietxcgkvvkfbuii/Build/Intermediates.noindex/migraine_note.build/Debug-iphonesimulator/migraine_note.build/Objects-normal/arm64/migraine_note_const_extract_protocols.json (in target 'migraine_note' from project 'migraine_note')
    cd /Users/xuxiaolong/OpenSource/migraine_note_ios/migraine_note
    write-file /Users/xuxiaolong/Library/Developer/Xcode/DerivedData/migraine_note-halpobnjzjhjiietxcgkvvkfbuii/Build/Intermediates.noindex/migraine_note.build/Debug-iphonesimulator/migraine_note.build/Objects-normal/arm64/migraine_note_const_extract_protocols.json

WriteAuxiliaryFile /Users/xuxiaolong/Library/Developer/Xcode/DerivedData/migraine_note-halpobnjzjhjiietxcgkvvkfbuii/Build/Intermediates.noindex/migraine_note.build/Debug-iphonesimulator/migraine_note.build/Objects-normal/arm64/migraine_note.SwiftFileList (in target 'migraine_note' from project 'migraine_note')
    cd /Users/xuxiaolong/OpenSource/migraine_note_ios/migraine_note
    write-file /Users/xuxiaolong/Library/Developer/Xcode/DerivedData/migraine_note-halpobnjzjhjiietxcgkvvkfbuii/Build/Intermediates.noindex/migraine_note.build/Debug-iphonesimulator/migraine_note.build/Objects-normal/arm64/migraine_note.SwiftFileList

WriteAuxiliaryFile /Users/xuxiaolong/Library/Developer/Xcode/DerivedData/migraine_note-halpobnjzjhjiietxcgkvvkfbuii/Build/Intermediates.noindex/migraine_note.build/Debug-iphonesimulator/migraine_note.build/Objects-normal/arm64/migraine_note.SwiftConstValuesFileList (in target 'migraine_note' from project 'migraine_note')
    cd /Users/xuxiaolong/OpenSource/migraine_note_ios/migraine_note
    write-file /Users/xuxiaolong/Library/Developer/Xcode/DerivedData/migraine_note-halpobnjzjhjiietxcgkvvkfbuii/Build/Intermediates.noindex/migraine_note.build/Debug-iphonesimulator/migraine_note.build/Objects-normal/arm64/migraine_note.SwiftConstValuesFileList

WriteAuxiliaryFile /Users/xuxiaolong/Library/Developer/Xcode/DerivedData/migraine_note-halpobnjzjhjiietxcgkvvkfbuii/Build/Intermediates.noindex/migraine_note.build/Debug-iphonesimulator/migraine_note.build/Objects-normal/arm64/migraine_note.LinkFileList (in target 'migraine_note' from project 'migraine_note')
    cd /Users/xuxiaolong/OpenSource/migraine_note_ios/migraine_note
    write-file /Users/xuxiaolong/Library/Developer/Xcode/DerivedData/migraine_note-halpobnjzjhjiietxcgkvvkfbuii/Build/Intermediates.noindex/migraine_note.build/Debug-iphonesimulator/migraine_note.build/Objects-normal/arm64/migraine_note.LinkFileList

WriteAuxiliaryFile /Users/xuxiaolong/Library/Developer/Xcode/DerivedData/migraine_note-halpobnjzjhjiietxcgkvvkfbuii/Build/Intermediates.noindex/migraine_note.build/Debug-iphonesimulator/migraine_note.build/Objects-normal/arm64/migraine_note-OutputFileMap.json (in target 'migraine_note' from project 'migraine_note')
    cd /Users/xuxiaolong/OpenSource/migraine_note_ios/migraine_note
    write-file /Users/xuxiaolong/Library/Developer/Xcode/DerivedData/migraine_note-halpobnjzjhjiietxcgkvvkfbuii/Build/Intermediates.noindex/migraine_note.build/Debug-iphonesimulator/migraine_note.build/Objects-normal/arm64/migraine_note-OutputFileMap.json

MkDir /Users/xuxiaolong/Library/Developer/Xcode/DerivedData/migraine_note-halpobnjzjhjiietxcgkvvkfbuii/Build/Products/Debug-iphonesimulator/migraine_note.app (in target 'migraine_note' from project 'migraine_note')
    cd /Users/xuxiaolong/OpenSource/migraine_note_ios/migraine_note
    /bin/mkdir -p /Users/xuxiaolong/Library/Developer/Xcode/DerivedData/migraine_note-halpobnjzjhjiietxcgkvvkfbuii/Build/Products/Debug-iphonesimulator/migraine_note.app

WriteAuxiliaryFile /Users/xuxiaolong/Library/Developer/Xcode/DerivedData/migraine_note-halpobnjzjhjiietxcgkvvkfbuii/Build/Intermediates.noindex/migraine_note.build/Debug-iphonesimulator/migraine_note.build/DerivedSources/Entitlements-Simulated.plist (in target 'migraine_note' from project 'migraine_note')
    cd /Users/xuxiaolong/OpenSource/migraine_note_ios/migraine_note
    write-file /Users/xuxiaolong/Library/Developer/Xcode/DerivedData/migraine_note-halpobnjzjhjiietxcgkvvkfbuii/Build/Intermediates.noindex/migraine_note.build/Debug-iphonesimulator/migraine_note.build/DerivedSources/Entitlements-Simulated.plist

ProcessProductPackaging /Users/xuxiaolong/OpenSource/migraine_note_ios/migraine_note/migraine_note/migraine_note.entitlements /Users/xuxiaolong/Library/Developer/Xcode/DerivedData/migraine_note-halpobnjzjhjiietxcgkvvkfbuii/Build/Intermediates.noindex/migraine_note.build/Debug-iphonesimulator/migraine_note.build/migraine_note.app.xcent (in target 'migraine_note' from project 'migraine_note')
    cd /Users/xuxiaolong/OpenSource/migraine_note_ios/migraine_note
    
    Entitlements:
    
    {
}
    
    builtin-productPackagingUtility /Users/xuxiaolong/OpenSource/migraine_note_ios/migraine_note/migraine_note/migraine_note.entitlements -entitlements -format xml -o /Users/xuxiaolong/Library/Developer/Xcode/DerivedData/migraine_note-halpobnjzjhjiietxcgkvvkfbuii/Build/Intermediates.noindex/migraine_note.build/Debug-iphonesimulator/migraine_note.build/migraine_note.app.xcent

ProcessProductPackaging /Users/xuxiaolong/OpenSource/migraine_note_ios/migraine_note/migraine_note/migraine_note.entitlements /Users/xuxiaolong/Library/Developer/Xcode/DerivedData/migraine_note-halpobnjzjhjiietxcgkvvkfbuii/Build/Intermediates.noindex/migraine_note.build/Debug-iphonesimulator/migraine_note.build/migraine_note.app-Simulated.xcent (in target 'migraine_note' from project 'migraine_note')
    cd /Users/xuxiaolong/OpenSource/migraine_note_ios/migraine_note
    
    Entitlements:
    
    {
    "application-identifier" = "3LSP26D33P.com.xxl.migraine-note";
    "aps-environment" = development;
    "com.apple.developer.icloud-container-identifiers" =     (
        "iCloud.com.xxl.migraine-note"
    );
    "com.apple.developer.icloud-services" =     (
        CloudKit
    );
    "com.apple.developer.ubiquity-kvstore-identifier" = "3LSP26D33P.com.xxl.migraine-note";
}
    
    builtin-productPackagingUtility /Users/xuxiaolong/OpenSource/migraine_note_ios/migraine_note/migraine_note/migraine_note.entitlements -entitlements -format xml -o /Users/xuxiaolong/Library/Developer/Xcode/DerivedData/migraine_note-halpobnjzjhjiietxcgkvvkfbuii/Build/Intermediates.noindex/migraine_note.build/Debug-iphonesimulator/migraine_note.build/migraine_note.app-Simulated.xcent

ProcessProductPackagingDER /Users/xuxiaolong/Library/Developer/Xcode/DerivedData/migraine_note-halpobnjzjhjiietxcgkvvkfbuii/Build/Intermediates.noindex/migraine_note.build/Debug-iphonesimulator/migraine_note.build/migraine_note.app.xcent /Users/xuxiaolong/Library/Developer/Xcode/DerivedData/migraine_note-halpobnjzjhjiietxcgkvvkfbuii/Build/Intermediates.noindex/migraine_note.build/Debug-iphonesimulator/migraine_note.build/migraine_note.app.xcent.der (in target 'migraine_note' from project 'migraine_note')
    cd /Users/xuxiaolong/OpenSource/migraine_note_ios/migraine_note
    /usr/bin/derq query -f xml -i /Users/xuxiaolong/Library/Developer/Xcode/DerivedData/migraine_note-halpobnjzjhjiietxcgkvvkfbuii/Build/Intermediates.noindex/migraine_note.build/Debug-iphonesimulator/migraine_note.build/migraine_note.app.xcent -o /Users/xuxiaolong/Library/Developer/Xcode/DerivedData/migraine_note-halpobnjzjhjiietxcgkvvkfbuii/Build/Intermediates.noindex/migraine_note.build/Debug-iphonesimulator/migraine_note.build/migraine_note.app.xcent.der --raw

ProcessProductPackagingDER /Users/xuxiaolong/Library/Developer/Xcode/DerivedData/migraine_note-halpobnjzjhjiietxcgkvvkfbuii/Build/Intermediates.noindex/migraine_note.build/Debug-iphonesimulator/migraine_note.build/migraine_note.app-Simulated.xcent /Users/xuxiaolong/Library/Developer/Xcode/DerivedData/migraine_note-halpobnjzjhjiietxcgkvvkfbuii/Build/Intermediates.noindex/migraine_note.build/Debug-iphonesimulator/migraine_note.build/migraine_note.app-Simulated.xcent.der (in target 'migraine_note' from project 'migraine_note')
    cd /Users/xuxiaolong/OpenSource/migraine_note_ios/migraine_note
    /usr/bin/derq query -f xml -i /Users/xuxiaolong/Library/Developer/Xcode/DerivedData/migraine_note-halpobnjzjhjiietxcgkvvkfbuii/Build/Intermediates.noindex/migraine_note.build/Debug-iphonesimulator/migraine_note.build/migraine_note.app-Simulated.xcent -o /Users/xuxiaolong/Library/Developer/Xcode/DerivedData/migraine_note-halpobnjzjhjiietxcgkvvkfbuii/Build/Intermediates.noindex/migraine_note.build/Debug-iphonesimulator/migraine_note.build/migraine_note.app-Simulated.xcent.der --raw

Ld /Users/xuxiaolong/Library/Developer/Xcode/DerivedData/migraine_note-halpobnjzjhjiietxcgkvvkfbuii/Build/Products/Debug-iphonesimulator/migraine_note.app/__preview.dylib normal (in target 'migraine_note' from project 'migraine_note')
    cd /Users/xuxiaolong/OpenSource/migraine_note_ios/migraine_note
    /Applications/Xcode.app/Contents/Developer/Toolchains/XcodeDefault.xctoolchain/usr/bin/clang -Xlinker -reproducible -target arm64-apple-ios26.0-simulator -dynamiclib -isysroot /Applications/Xcode.app/Contents/Developer/Platforms/iPhoneSimulator.platform/Developer/SDKs/iPhoneSimulator26.0.sdk -O0 -L/Users/xuxiaolong/Library/Developer/Xcode/DerivedData/migraine_note-halpobnjzjhjiietxcgkvvkfbuii/Build/Products/Debug-iphonesimulator -F/Users/xuxiaolong/Library/Developer/Xcode/DerivedData/migraine_note-halpobnjzjhjiietxcgkvvkfbuii/Build/Products/Debug-iphonesimulator -install_name @rpath/migraine_note.debug.dylib -dead_strip -rdynamic -Xlinker -no_deduplicate -Xlinker -objc_abi_version -Xlinker 2 -Xlinker -debug_variant -Xlinker -dependency_info -Xlinker /Users/xuxiaolong/Library/Developer/Xcode/DerivedData/migraine_note-halpobnjzjhjiietxcgkvvkfbuii/Build/Intermediates.noindex/migraine_note.build/Debug-iphonesimulator/migraine_note.build/Objects-normal/arm64/migraine_note_dependency_info.dat -Xlinker -sectcreate -Xlinker __TEXT -Xlinker __entitlements -Xlinker /Users/xuxiaolong/Library/Developer/Xcode/DerivedData/migraine_note-halpobnjzjhjiietxcgkvvkfbuii/Build/Intermediates.noindex/migraine_note.build/Debug-iphonesimulator/migraine_note.build/migraine_note.app-Simulated.xcent -Xlinker -sectcreate -Xlinker __TEXT -Xlinker __ents_der -Xlinker /Users/xuxiaolong/Library/Developer/Xcode/DerivedData/migraine_note-halpobnjzjhjiietxcgkvvkfbuii/Build/Intermediates.noindex/migraine_note.build/Debug-iphonesimulator/migraine_note.build/migraine_note.app-Simulated.xcent.der -Xlinker -no_adhoc_codesign -o /Users/xuxiaolong/Library/Developer/Xcode/DerivedData/migraine_note-halpobnjzjhjiietxcgkvvkfbuii/Build/Products/Debug-iphonesimulator/migraine_note.app/__preview.dylib

MkDir /Users/xuxiaolong/Library/Developer/Xcode/DerivedData/migraine_note-halpobnjzjhjiietxcgkvvkfbuii/Build/Intermediates.noindex/migraine_note.build/Debug-iphonesimulator/migraine_note.build/assetcatalog_output/thinned (in target 'migraine_note' from project 'migraine_note')
    cd /Users/xuxiaolong/OpenSource/migraine_note_ios/migraine_note
    /bin/mkdir -p /Users/xuxiaolong/Library/Developer/Xcode/DerivedData/migraine_note-halpobnjzjhjiietxcgkvvkfbuii/Build/Intermediates.noindex/migraine_note.build/Debug-iphonesimulator/migraine_note.build/assetcatalog_output/thinned

MkDir /Users/xuxiaolong/Library/Developer/Xcode/DerivedData/migraine_note-halpobnjzjhjiietxcgkvvkfbuii/Build/Intermediates.noindex/migraine_note.build/Debug-iphonesimulator/migraine_note.build/assetcatalog_output/unthinned (in target 'migraine_note' from project 'migraine_note')
    cd /Users/xuxiaolong/OpenSource/migraine_note_ios/migraine_note
    /bin/mkdir -p /Users/xuxiaolong/Library/Developer/Xcode/DerivedData/migraine_note-halpobnjzjhjiietxcgkvvkfbuii/Build/Intermediates.noindex/migraine_note.build/Debug-iphonesimulator/migraine_note.build/assetcatalog_output/unthinned

GenerateAssetSymbols /Users/xuxiaolong/OpenSource/migraine_note_ios/migraine_note/migraine_note/Assets.xcassets (in target 'migraine_note' from project 'migraine_note')
    cd /Users/xuxiaolong/OpenSource/migraine_note_ios/migraine_note
    /Applications/Xcode.app/Contents/Developer/usr/bin/actool /Users/xuxiaolong/OpenSource/migraine_note_ios/migraine_note/migraine_note/Assets.xcassets --compile /Users/xuxiaolong/Library/Developer/Xcode/DerivedData/migraine_note-halpobnjzjhjiietxcgkvvkfbuii/Build/Products/Debug-iphonesimulator/migraine_note.app --output-format human-readable-text --notices --warnings --export-dependency-info /Users/xuxiaolong/Library/Developer/Xcode/DerivedData/migraine_note-halpobnjzjhjiietxcgkvvkfbuii/Build/Intermediates.noindex/migraine_note.build/Debug-iphonesimulator/migraine_note.build/assetcatalog_dependencies --output-partial-info-plist /Users/xuxiaolong/Library/Developer/Xcode/DerivedData/migraine_note-halpobnjzjhjiietxcgkvvkfbuii/Build/Intermediates.noindex/migraine_note.build/Debug-iphonesimulator/migraine_note.build/assetcatalog_generated_info.plist --app-icon AppIcon --accent-color AccentColor --compress-pngs --enable-on-demand-resources YES --development-region en --target-device iphone --target-device ipad --minimum-deployment-target 26.0 --platform iphonesimulator --bundle-identifier com.xxl.migraine-note --generate-swift-asset-symbols /Users/xuxiaolong/Library/Developer/Xcode/DerivedData/migraine_note-halpobnjzjhjiietxcgkvvkfbuii/Build/Intermediates.noindex/migraine_note.build/Debug-iphonesimulator/migraine_note.build/DerivedSources/GeneratedAssetSymbols.swift --generate-objc-asset-symbols /Users/xuxiaolong/Library/Developer/Xcode/DerivedData/migraine_note-halpobnjzjhjiietxcgkvvkfbuii/Build/Intermediates.noindex/migraine_note.build/Debug-iphonesimulator/migraine_note.build/DerivedSources/GeneratedAssetSymbols.h --generate-asset-symbol-index /Users/xuxiaolong/Library/Developer/Xcode/DerivedData/migraine_note-halpobnjzjhjiietxcgkvvkfbuii/Build/Intermediates.noindex/migraine_note.build/Debug-iphonesimulator/migraine_note.build/DerivedSources/GeneratedAssetSymbols-Index.plist
/* com.apple.actool.compilation-results */
/Users/xuxiaolong/Library/Developer/Xcode/DerivedData/migraine_note-halpobnjzjhjiietxcgkvvkfbuii/Build/Intermediates.noindex/migraine_note.build/Debug-iphonesimulator/migraine_note.build/DerivedSources/GeneratedAssetSymbols-Index.plist
/Users/xuxiaolong/Library/Developer/Xcode/DerivedData/migraine_note-halpobnjzjhjiietxcgkvvkfbuii/Build/Intermediates.noindex/migraine_note.build/Debug-iphonesimulator/migraine_note.build/DerivedSources/GeneratedAssetSymbols.h
/Users/xuxiaolong/Library/Developer/Xcode/DerivedData/migraine_note-halpobnjzjhjiietxcgkvvkfbuii/Build/Intermediates.noindex/migraine_note.build/Debug-iphonesimulator/migraine_note.build/DerivedSources/GeneratedAssetSymbols.swift


CompileAssetCatalogVariant thinned /Users/xuxiaolong/Library/Developer/Xcode/DerivedData/migraine_note-halpobnjzjhjiietxcgkvvkfbuii/Build/Products/Debug-iphonesimulator/migraine_note.app /Users/xuxiaolong/OpenSource/migraine_note_ios/migraine_note/migraine_note/Assets.xcassets (in target 'migraine_note' from project 'migraine_note')
    cd /Users/xuxiaolong/OpenSource/migraine_note_ios/migraine_note
    /Applications/Xcode.app/Contents/Developer/usr/bin/actool /Users/xuxiaolong/OpenSource/migraine_note_ios/migraine_note/migraine_note/Assets.xcassets --compile /Users/xuxiaolong/Library/Developer/Xcode/DerivedData/migraine_note-halpobnjzjhjiietxcgkvvkfbuii/Build/Intermediates.noindex/migraine_note.build/Debug-iphonesimulator/migraine_note.build/assetcatalog_output/thinned --output-format human-readable-text --notices --warnings --export-dependency-info /Users/xuxiaolong/Library/Developer/Xcode/DerivedData/migraine_note-halpobnjzjhjiietxcgkvvkfbuii/Build/Intermediates.noindex/migraine_note.build/Debug-iphonesimulator/migraine_note.build/assetcatalog_dependencies_thinned --output-partial-info-plist /Users/xuxiaolong/Library/Developer/Xcode/DerivedData/migraine_note-halpobnjzjhjiietxcgkvvkfbuii/Build/Intermediates.noindex/migraine_note.build/Debug-iphonesimulator/migraine_note.build/assetcatalog_generated_info.plist_thinned --app-icon AppIcon --accent-color AccentColor --compress-pngs --enable-on-demand-resources YES --filter-for-thinning-device-configuration iPhone18,1 --filter-for-device-os-version 26.0.1 --development-region en --target-device iphone --target-device ipad --minimum-deployment-target 26.0 --platform iphonesimulator
/* com.apple.actool.compilation-results */
/Users/xuxiaolong/Library/Developer/Xcode/DerivedData/migraine_note-halpobnjzjhjiietxcgkvvkfbuii/Build/Intermediates.noindex/migraine_note.build/Debug-iphonesimulator/migraine_note.build/assetcatalog_generated_info.plist_thinned


SwiftDriver migraine_note normal arm64 com.apple.xcode.tools.swift.compiler (in target 'migraine_note' from project 'migraine_note')
    cd /Users/xuxiaolong/OpenSource/migraine_note_ios/migraine_note
    builtin-SwiftDriver -- /Applications/Xcode.app/Contents/Developer/Toolchains/XcodeDefault.xctoolchain/usr/bin/swiftc -module-name migraine_note -Onone -enforce-exclusivity\=checked @/Users/xuxiaolong/Library/Developer/Xcode/DerivedData/migraine_note-halpobnjzjhjiietxcgkvvkfbuii/Build/Intermediates.noindex/migraine_note.build/Debug-iphonesimulator/migraine_note.build/Objects-normal/arm64/migraine_note.SwiftFileList -DDEBUG -default-isolation\=MainActor -enable-bare-slash-regex -enable-upcoming-feature DisableOutwardActorInference -enable-upcoming-feature InferSendableFromCaptures -enable-upcoming-feature GlobalActorIsolatedTypesUsability -enable-upcoming-feature MemberImportVisibility -enable-upcoming-feature InferIsolatedConformances -enable-upcoming-feature NonisolatedNonsendingByDefault -enable-experimental-feature DebugDescriptionMacro -sdk /Applications/Xcode.app/Contents/Developer/Platforms/iPhoneSimulator.platform/Developer/SDKs/iPhoneSimulator26.0.sdk -target arm64-apple-ios26.0-simulator -g -module-cache-path /Users/xuxiaolong/Library/Developer/Xcode/DerivedData/ModuleCache.noindex -Xfrontend -serialize-debugging-options -profile-coverage-mapping -profile-generate -enable-testing -index-store-path /Users/xuxiaolong/Library/Developer/Xcode/DerivedData/migraine_note-halpobnjzjhjiietxcgkvvkfbuii/Index.noindex/DataStore -Xcc -D_LIBCPP_HARDENING_MODE\=_LIBCPP_HARDENING_MODE_DEBUG -swift-version 5 -I /Users/xuxiaolong/Library/Developer/Xcode/DerivedData/migraine_note-halpobnjzjhjiietxcgkvvkfbuii/Build/Products/Debug-iphonesimulator -F /Users/xuxiaolong/Library/Developer/Xcode/DerivedData/migraine_note-halpobnjzjhjiietxcgkvvkfbuii/Build/Products/Debug-iphonesimulator -emit-localized-strings -emit-localized-strings-path /Users/xuxiaolong/Library/Developer/Xcode/DerivedData/migraine_note-halpobnjzjhjiietxcgkvvkfbuii/Build/Intermediates.noindex/migraine_note.build/Debug-iphonesimulator/migraine_note.build/Objects-normal/arm64 -c -j10 -enable-batch-mode -incremental -Xcc -ivfsstatcache -Xcc /Users/xuxiaolong/Library/Developer/Xcode/DerivedData/SDKStatCaches.noindex/iphonesimulator26.0-23A339-26257891a6c027eb51374368541b8346.sdkstatcache -output-file-map /Users/xuxiaolong/Library/Developer/Xcode/DerivedData/migraine_note-halpobnjzjhjiietxcgkvvkfbuii/Build/Intermediates.noindex/migraine_note.build/Debug-iphonesimulator/migraine_note.build/Objects-normal/arm64/migraine_note-OutputFileMap.json -use-frontend-parseable-output -save-temps -no-color-diagnostics -explicit-module-build -module-cache-path /Users/xuxiaolong/Library/Developer/Xcode/DerivedData/migraine_note-halpobnjzjhjiietxcgkvvkfbuii/Build/Intermediates.noindex/SwiftExplicitPrecompiledModules -clang-scanner-module-cache-path /Users/xuxiaolong/Library/Developer/Xcode/DerivedData/ModuleCache.noindex -sdk-module-cache-path /Users/xuxiaolong/Library/Developer/Xcode/DerivedData/ModuleCache.noindex -serialize-diagnostics -emit-dependencies -emit-module -emit-module-path /Users/xuxiaolong/Library/Developer/Xcode/DerivedData/migraine_note-halpobnjzjhjiietxcgkvvkfbuii/Build/Intermediates.noindex/migraine_note.build/Debug-iphonesimulator/migraine_note.build/Objects-normal/arm64/migraine_note.swiftmodule -validate-clang-modules-once -clang-build-session-file /Users/xuxiaolong/Library/Developer/Xcode/DerivedData/ModuleCache.noindex/Session.modulevalidation -Xcc -I/Users/xuxiaolong/Library/Developer/Xcode/DerivedData/migraine_note-halpobnjzjhjiietxcgkvvkfbuii/Build/Intermediates.noindex/migraine_note.build/Debug-iphonesimulator/migraine_note.build/swift-overrides.hmap -emit-const-values -Xfrontend -const-gather-protocols-file -Xfrontend /Users/xuxiaolong/Library/Developer/Xcode/DerivedData/migraine_note-halpobnjzjhjiietxcgkvvkfbuii/Build/Intermediates.noindex/migraine_note.build/Debug-iphonesimulator/migraine_note.build/Objects-normal/arm64/migraine_note_const_extract_protocols.json -Xcc -iquote -Xcc /Users/xuxiaolong/Library/Developer/Xcode/DerivedData/migraine_note-halpobnjzjhjiietxcgkvvkfbuii/Build/Intermediates.noindex/migraine_note.build/Debug-iphonesimulator/migraine_note.build/migraine_note-generated-files.hmap -Xcc -I/Users/xuxiaolong/Library/Developer/Xcode/DerivedData/migraine_note-halpobnjzjhjiietxcgkvvkfbuii/Build/Intermediates.noindex/migraine_note.build/Debug-iphonesimulator/migraine_note.build/migraine_note-own-target-headers.hmap -Xcc -I/Users/xuxiaolong/Library/Developer/Xcode/DerivedData/migraine_note-halpobnjzjhjiietxcgkvvkfbuii/Build/Intermediates.noindex/migraine_note.build/Debug-iphonesimulator/migraine_note.build/migraine_note-all-target-headers.hmap -Xcc -iquote -Xcc /Users/xuxiaolong/Library/Developer/Xcode/DerivedData/migraine_note-halpobnjzjhjiietxcgkvvkfbuii/Build/Intermediates.noindex/migraine_note.build/Debug-iphonesimulator/migraine_note.build/migraine_note-project-headers.hmap -Xcc -I/Users/xuxiaolong/Library/Developer/Xcode/DerivedData/migraine_note-halpobnjzjhjiietxcgkvvkfbuii/Build/Products/Debug-iphonesimulator/include -Xcc -I/Users/xuxiaolong/Library/Developer/Xcode/DerivedData/migraine_note-halpobnjzjhjiietxcgkvvkfbuii/Build/Intermediates.noindex/migraine_note.build/Debug-iphonesimulator/migraine_note.build/DerivedSources-normal/arm64 -Xcc -I/Users/xuxiaolong/Library/Developer/Xcode/DerivedData/migraine_note-halpobnjzjhjiietxcgkvvkfbuii/Build/Intermediates.noindex/migraine_note.build/Debug-iphonesimulator/migraine_note.build/DerivedSources/arm64 -Xcc -I/Users/xuxiaolong/Library/Developer/Xcode/DerivedData/migraine_note-halpobnjzjhjiietxcgkvvkfbuii/Build/Intermediates.noindex/migraine_note.build/Debug-iphonesimulator/migraine_note.build/DerivedSources -Xcc -DDEBUG\=1 -emit-objc-header -emit-objc-header-path /Users/xuxiaolong/Library/Developer/Xcode/DerivedData/migraine_note-halpobnjzjhjiietxcgkvvkfbuii/Build/Intermediates.noindex/migraine_note.build/Debug-iphonesimulator/migraine_note.build/Objects-normal/arm64/migraine_note-Swift.h -working-directory /Users/xuxiaolong/OpenSource/migraine_note_ios/migraine_note -experimental-emit-module-separately -disable-cmo

SwiftCompile normal arm64 Compiling\ Colors.swift,\ LucideIcons.swift,\ Spacing.swift,\ Typography.swift,\ Date+Extensions.swift,\ AttackRecord.swift,\ CustomLabelConfig.swift,\ Medication.swift /Users/xuxiaolong/OpenSource/migraine_note_ios/migraine_note/migraine_note/DesignSystem/Colors.swift /Users/xuxiaolong/OpenSource/migraine_note_ios/migraine_note/migraine_note/DesignSystem/LucideIcons.swift /Users/xuxiaolong/OpenSource/migraine_note_ios/migraine_note/migraine_note/DesignSystem/Spacing.swift /Users/xuxiaolong/OpenSource/migraine_note_ios/migraine_note/migraine_note/DesignSystem/Typography.swift /Users/xuxiaolong/OpenSource/migraine_note_ios/migraine_note/migraine_note/Extensions/Date+Extensions.swift /Users/xuxiaolong/OpenSource/migraine_note_ios/migraine_note/migraine_note/Models/AttackRecord.swift /Users/xuxiaolong/OpenSource/migraine_note_ios/migraine_note/migraine_note/Models/CustomLabelConfig.swift /Users/xuxiaolong/OpenSource/migraine_note_ios/migraine_note/migraine_note/Models/Medication.swift (in target 'migraine_note' from project 'migraine_note')
SwiftCompile normal arm64 /Users/xuxiaolong/OpenSource/migraine_note_ios/migraine_note/migraine_note/DesignSystem/Colors.swift (in target 'migraine_note' from project 'migraine_note')
    cd /Users/xuxiaolong/OpenSource/migraine_note_ios/migraine_note
    

SwiftCompile normal arm64 /Users/xuxiaolong/OpenSource/migraine_note_ios/migraine_note/migraine_note/DesignSystem/LucideIcons.swift (in target 'migraine_note' from project 'migraine_note')
    cd /Users/xuxiaolong/OpenSource/migraine_note_ios/migraine_note
    

SwiftCompile normal arm64 /Users/xuxiaolong/OpenSource/migraine_note_ios/migraine_note/migraine_note/DesignSystem/Spacing.swift (in target 'migraine_note' from project 'migraine_note')
    cd /Users/xuxiaolong/OpenSource/migraine_note_ios/migraine_note
    

SwiftCompile normal arm64 /Users/xuxiaolong/OpenSource/migraine_note_ios/migraine_note/migraine_note/DesignSystem/Typography.swift (in target 'migraine_note' from project 'migraine_note')
    cd /Users/xuxiaolong/OpenSource/migraine_note_ios/migraine_note
    

SwiftCompile normal arm64 /Users/xuxiaolong/OpenSource/migraine_note_ios/migraine_note/migraine_note/Extensions/Date+Extensions.swift (in target 'migraine_note' from project 'migraine_note')
    cd /Users/xuxiaolong/OpenSource/migraine_note_ios/migraine_note
    

SwiftCompile normal arm64 /Users/xuxiaolong/OpenSource/migraine_note_ios/migraine_note/migraine_note/Models/AttackRecord.swift (in target 'migraine_note' from project 'migraine_note')
    cd /Users/xuxiaolong/OpenSource/migraine_note_ios/migraine_note
    

SwiftCompile normal arm64 /Users/xuxiaolong/OpenSource/migraine_note_ios/migraine_note/migraine_note/Models/CustomLabelConfig.swift (in target 'migraine_note' from project 'migraine_note')
    cd /Users/xuxiaolong/OpenSource/migraine_note_ios/migraine_note
    

SwiftCompile normal arm64 /Users/xuxiaolong/OpenSource/migraine_note_ios/migraine_note/migraine_note/Models/Medication.swift (in target 'migraine_note' from project 'migraine_note')
    cd /Users/xuxiaolong/OpenSource/migraine_note_ios/migraine_note
    

SwiftCompile normal arm64 Compiling\ AddCustomLabelChip.swift,\ Buttons.swift,\ CircularSlider.swift,\ CollapsibleSection.swift,\ CustomInputField.swift,\ DetailCard.swift,\ EmotionalCard.swift,\ FlowLayout.swift /Users/xuxiaolong/OpenSource/migraine_note_ios/migraine_note/migraine_note/DesignSystem/Components/AddCustomLabelChip.swift /Users/xuxiaolong/OpenSource/migraine_note_ios/migraine_note/migraine_note/DesignSystem/Components/Buttons.swift /Users/xuxiaolong/OpenSource/migraine_note_ios/migraine_note/migraine_note/DesignSystem/Components/CircularSlider.swift /Users/xuxiaolong/OpenSource/migraine_note_ios/migraine_note/migraine_note/DesignSystem/Components/CollapsibleSection.swift /Users/xuxiaolong/OpenSource/migraine_note_ios/migraine_note/migraine_note/DesignSystem/Components/CustomInputField.swift /Users/xuxiaolong/OpenSource/migraine_note_ios/migraine_note/migraine_note/DesignSystem/Components/DetailCard.swift /Users/xuxiaolong/OpenSource/migraine_note_ios/migraine_note/migraine_note/DesignSystem/Components/EmotionalCard.swift /Users/xuxiaolong/OpenSource/migraine_note_ios/migraine_note/migraine_note/DesignSystem/Components/FlowLayout.swift (in target 'migraine_note' from project 'migraine_note')
SwiftCompile normal arm64 /Users/xuxiaolong/OpenSource/migraine_note_ios/migraine_note/migraine_note/DesignSystem/Components/AddCustomLabelChip.swift (in target 'migraine_note' from project 'migraine_note')
    cd /Users/xuxiaolong/OpenSource/migraine_note_ios/migraine_note
    

SwiftCompile normal arm64 /Users/xuxiaolong/OpenSource/migraine_note_ios/migraine_note/migraine_note/DesignSystem/Components/Buttons.swift (in target 'migraine_note' from project 'migraine_note')
    cd /Users/xuxiaolong/OpenSource/migraine_note_ios/migraine_note
    

SwiftCompile normal arm64 /Users/xuxiaolong/OpenSource/migraine_note_ios/migraine_note/migraine_note/DesignSystem/Components/CircularSlider.swift (in target 'migraine_note' from project 'migraine_note')
    cd /Users/xuxiaolong/OpenSource/migraine_note_ios/migraine_note
    

SwiftCompile normal arm64 /Users/xuxiaolong/OpenSource/migraine_note_ios/migraine_note/migraine_note/DesignSystem/Components/CollapsibleSection.swift (in target 'migraine_note' from project 'migraine_note')
    cd /Users/xuxiaolong/OpenSource/migraine_note_ios/migraine_note
    

SwiftCompile normal arm64 /Users/xuxiaolong/OpenSource/migraine_note_ios/migraine_note/migraine_note/DesignSystem/Components/CustomInputField.swift (in target 'migraine_note' from project 'migraine_note')
    cd /Users/xuxiaolong/OpenSource/migraine_note_ios/migraine_note
    

SwiftCompile normal arm64 /Users/xuxiaolong/OpenSource/migraine_note_ios/migraine_note/migraine_note/DesignSystem/Components/DetailCard.swift (in target 'migraine_note' from project 'migraine_note')
    cd /Users/xuxiaolong/OpenSource/migraine_note_ios/migraine_note
    

SwiftCompile normal arm64 /Users/xuxiaolong/OpenSource/migraine_note_ios/migraine_note/migraine_note/DesignSystem/Components/EmotionalCard.swift (in target 'migraine_note' from project 'migraine_note')
    cd /Users/xuxiaolong/OpenSource/migraine_note_ios/migraine_note
    

SwiftCompile normal arm64 /Users/xuxiaolong/OpenSource/migraine_note_ios/migraine_note/migraine_note/DesignSystem/Components/FlowLayout.swift (in target 'migraine_note' from project 'migraine_note')
    cd /Users/xuxiaolong/OpenSource/migraine_note_ios/migraine_note
    

SwiftCompile normal arm64 Compiling\ HeadMapView.swift,\ HorizontalPainSlider.swift,\ InfoCard.swift,\ LoadingView.swift,\ PainIntensitySlider.swift,\ SelectableChip.swift,\ AccessibilityHelpers.swift,\ AnimationHelpers.swift /Users/xuxiaolong/OpenSource/migraine_note_ios/migraine_note/migraine_note/DesignSystem/Components/HeadMapView.swift /Users/xuxiaolong/OpenSource/migraine_note_ios/migraine_note/migraine_note/DesignSystem/Components/HorizontalPainSlider.swift /Users/xuxiaolong/OpenSource/migraine_note_ios/migraine_note/migraine_note/DesignSystem/Components/InfoCard.swift /Users/xuxiaolong/OpenSource/migraine_note_ios/migraine_note/migraine_note/DesignSystem/Components/LoadingView.swift /Users/xuxiaolong/OpenSource/migraine_note_ios/migraine_note/migraine_note/DesignSystem/Components/PainIntensitySlider.swift /Users/xuxiaolong/OpenSource/migraine_note_ios/migraine_note/migraine_note/DesignSystem/Components/SelectableChip.swift /Users/xuxiaolong/OpenSource/migraine_note_ios/migraine_note/migraine_note/DesignSystem/AccessibilityHelpers.swift /Users/xuxiaolong/OpenSource/migraine_note_ios/migraine_note/migraine_note/DesignSystem/AnimationHelpers.swift (in target 'migraine_note' from project 'migraine_note')
SwiftCompile normal arm64 /Users/xuxiaolong/OpenSource/migraine_note_ios/migraine_note/migraine_note/DesignSystem/Components/HeadMapView.swift (in target 'migraine_note' from project 'migraine_note')
    cd /Users/xuxiaolong/OpenSource/migraine_note_ios/migraine_note
    

SwiftCompile normal arm64 /Users/xuxiaolong/OpenSource/migraine_note_ios/migraine_note/migraine_note/DesignSystem/Components/HorizontalPainSlider.swift (in target 'migraine_note' from project 'migraine_note')
    cd /Users/xuxiaolong/OpenSource/migraine_note_ios/migraine_note
    

SwiftCompile normal arm64 /Users/xuxiaolong/OpenSource/migraine_note_ios/migraine_note/migraine_note/DesignSystem/Components/InfoCard.swift (in target 'migraine_note' from project 'migraine_note')
    cd /Users/xuxiaolong/OpenSource/migraine_note_ios/migraine_note
    

SwiftCompile normal arm64 /Users/xuxiaolong/OpenSource/migraine_note_ios/migraine_note/migraine_note/DesignSystem/Components/LoadingView.swift (in target 'migraine_note' from project 'migraine_note')
    cd /Users/xuxiaolong/OpenSource/migraine_note_ios/migraine_note
    

SwiftCompile normal arm64 /Users/xuxiaolong/OpenSource/migraine_note_ios/migraine_note/migraine_note/DesignSystem/Components/PainIntensitySlider.swift (in target 'migraine_note' from project 'migraine_note')
    cd /Users/xuxiaolong/OpenSource/migraine_note_ios/migraine_note
    

SwiftCompile normal arm64 /Users/xuxiaolong/OpenSource/migraine_note_ios/migraine_note/migraine_note/DesignSystem/Components/SelectableChip.swift (in target 'migraine_note' from project 'migraine_note')
    cd /Users/xuxiaolong/OpenSource/migraine_note_ios/migraine_note
    

SwiftCompile normal arm64 /Users/xuxiaolong/OpenSource/migraine_note_ios/migraine_note/migraine_note/DesignSystem/AccessibilityHelpers.swift (in target 'migraine_note' from project 'migraine_note')
    cd /Users/xuxiaolong/OpenSource/migraine_note_ios/migraine_note
    

SwiftCompile normal arm64 /Users/xuxiaolong/OpenSource/migraine_note_ios/migraine_note/migraine_note/DesignSystem/AnimationHelpers.swift (in target 'migraine_note' from project 'migraine_note')
    cd /Users/xuxiaolong/OpenSource/migraine_note_ios/migraine_note
    

SwiftCompile normal arm64 Compiling\ AttackListView.swift,\ EditAttackView.swift,\ CalendarView.swift,\ HomeView.swift,\ AddMedicationView.swift,\ MedicationDetailView.swift,\ MedicationListView.swift /Users/xuxiaolong/OpenSource/migraine_note_ios/migraine_note/migraine_note/Views/AttackList/AttackListView.swift /Users/xuxiaolong/OpenSource/migraine_note_ios/migraine_note/migraine_note/Views/AttackList/EditAttackView.swift /Users/xuxiaolong/OpenSource/migraine_note_ios/migraine_note/migraine_note/Views/Calendar/CalendarView.swift /Users/xuxiaolong/OpenSource/migraine_note_ios/migraine_note/migraine_note/Views/Home/HomeView.swift /Users/xuxiaolong/OpenSource/migraine_note_ios/migraine_note/migraine_note/Views/Medication/AddMedicationView.swift /Users/xuxiaolong/OpenSource/migraine_note_ios/migraine_note/migraine_note/Views/Medication/MedicationDetailView.swift /Users/xuxiaolong/OpenSource/migraine_note_ios/migraine_note/migraine_note/Views/Medication/MedicationListView.swift (in target 'migraine_note' from project 'migraine_note')
SwiftCompile normal arm64 /Users/xuxiaolong/OpenSource/migraine_note_ios/migraine_note/migraine_note/Views/AttackList/AttackListView.swift (in target 'migraine_note' from project 'migraine_note')
    cd /Users/xuxiaolong/OpenSource/migraine_note_ios/migraine_note
    

SwiftCompile normal arm64 /Users/xuxiaolong/OpenSource/migraine_note_ios/migraine_note/migraine_note/Views/AttackList/EditAttackView.swift (in target 'migraine_note' from project 'migraine_note')
    cd /Users/xuxiaolong/OpenSource/migraine_note_ios/migraine_note
    

SwiftCompile normal arm64 /Users/xuxiaolong/OpenSource/migraine_note_ios/migraine_note/migraine_note/Views/Calendar/CalendarView.swift (in target 'migraine_note' from project 'migraine_note')
    cd /Users/xuxiaolong/OpenSource/migraine_note_ios/migraine_note
    

SwiftCompile normal arm64 /Users/xuxiaolong/OpenSource/migraine_note_ios/migraine_note/migraine_note/Views/Home/HomeView.swift (in target 'migraine_note' from project 'migraine_note')
    cd /Users/xuxiaolong/OpenSource/migraine_note_ios/migraine_note
    

SwiftCompile normal arm64 /Users/xuxiaolong/OpenSource/migraine_note_ios/migraine_note/migraine_note/Views/Medication/AddMedicationView.swift (in target 'migraine_note' from project 'migraine_note')
    cd /Users/xuxiaolong/OpenSource/migraine_note_ios/migraine_note
    

SwiftCompile normal arm64 /Users/xuxiaolong/OpenSource/migraine_note_ios/migraine_note/migraine_note/Views/Medication/MedicationDetailView.swift (in target 'migraine_note' from project 'migraine_note')
    cd /Users/xuxiaolong/OpenSource/migraine_note_ios/migraine_note
    

SwiftCompile normal arm64 /Users/xuxiaolong/OpenSource/migraine_note_ios/migraine_note/migraine_note/Views/Medication/MedicationListView.swift (in target 'migraine_note' from project 'migraine_note')
    cd /Users/xuxiaolong/OpenSource/migraine_note_ios/migraine_note
    

SwiftCompile normal arm64 Compiling\ HealthKitManager.swift,\ LabelManager.swift,\ MedicalReportGenerator.swift,\ MOHDetector.swift,\ WeatherManager.swift,\ TestDataManager.swift,\ AttackListViewModel.swift /Users/xuxiaolong/OpenSource/migraine_note_ios/migraine_note/migraine_note/Services/HealthKitManager.swift /Users/xuxiaolong/OpenSource/migraine_note_ios/migraine_note/migraine_note/Services/LabelManager.swift /Users/xuxiaolong/OpenSource/migraine_note_ios/migraine_note/migraine_note/Services/MedicalReportGenerator.swift /Users/xuxiaolong/OpenSource/migraine_note_ios/migraine_note/migraine_note/Services/MOHDetector.swift /Users/xuxiaolong/OpenSource/migraine_note_ios/migraine_note/migraine_note/Services/WeatherManager.swift /Users/xuxiaolong/OpenSource/migraine_note_ios/migraine_note/migraine_note/Utils/TestDataManager.swift /Users/xuxiaolong/OpenSource/migraine_note_ios/migraine_note/migraine_note/ViewModels/AttackListViewModel.swift (in target 'migraine_note' from project 'migraine_note')

SwiftCompile normal arm64 /Users/xuxiaolong/OpenSource/migraine_note_ios/migraine_note/migraine_note/Services/HealthKitManager.swift (in target 'migraine_note' from project 'migraine_note')
    cd /Users/xuxiaolong/OpenSource/migraine_note_ios/migraine_note
    

SwiftCompile normal arm64 /Users/xuxiaolong/OpenSource/migraine_note_ios/migraine_note/migraine_note/Services/LabelManager.swift (in target 'migraine_note' from project 'migraine_note')
    cd /Users/xuxiaolong/OpenSource/migraine_note_ios/migraine_note
    

SwiftCompile normal arm64 /Users/xuxiaolong/OpenSource/migraine_note_ios/migraine_note/migraine_note/Services/MedicalReportGenerator.swift (in target 'migraine_note' from project 'migraine_note')
    cd /Users/xuxiaolong/OpenSource/migraine_note_ios/migraine_note
    
/Users/xuxiaolong/OpenSource/migraine_note_ios/migraine_note/migraine_note/Services/MedicalReportGenerator.swift:148:13: warning: immutable value 'lineHeight' was never used; consider replacing with '_' or removing it
        let lineHeight: CGFloat = 20
            ^~~~~~~~~~
            _

SwiftCompile normal arm64 /Users/xuxiaolong/OpenSource/migraine_note_ios/migraine_note/migraine_note/Services/MOHDetector.swift (in target 'migraine_note' from project 'migraine_note')
    cd /Users/xuxiaolong/OpenSource/migraine_note_ios/migraine_note
    

SwiftCompile normal arm64 /Users/xuxiaolong/OpenSource/migraine_note_ios/migraine_note/migraine_note/Services/WeatherManager.swift (in target 'migraine_note' from project 'migraine_note')
    cd /Users/xuxiaolong/OpenSource/migraine_note_ios/migraine_note
    
/Users/xuxiaolong/OpenSource/migraine_note_ios/migraine_note/migraine_note/Services/WeatherManager.swift:169:24: warning: 'CLGeocoder' was deprecated in iOS 26.0: Use MapKit
        let geocoder = CLGeocoder()
                       ^
/Users/xuxiaolong/OpenSource/migraine_note_ios/migraine_note/migraine_note/Services/WeatherManager.swift:171:49: warning: 'reverseGeocodeLocation' was deprecated in iOS 26.0: Use MKReverseGeocodingRequest
            let placemarks = try await geocoder.reverseGeocodeLocation(location)
                                                ^

SwiftCompile normal arm64 /Users/xuxiaolong/OpenSource/migraine_note_ios/migraine_note/migraine_note/Utils/TestDataManager.swift (in target 'migraine_note' from project 'migraine_note')
    cd /Users/xuxiaolong/OpenSource/migraine_note_ios/migraine_note
    

SwiftCompile normal arm64 /Users/xuxiaolong/OpenSource/migraine_note_ios/migraine_note/migraine_note/ViewModels/AttackListViewModel.swift (in target 'migraine_note' from project 'migraine_note')
    cd /Users/xuxiaolong/OpenSource/migraine_note_ios/migraine_note
    

SwiftCompile normal arm64 Compiling\ Step3_SymptomsView.swift,\ Step4_TriggersView.swift,\ Step5_InterventionsView.swift,\ LabelManagementView.swift,\ LabelRow.swift,\ MedicationPresetEditor.swift,\ SymptomLabelEditor.swift /Users/xuxiaolong/OpenSource/migraine_note_ios/migraine_note/migraine_note/Views/Recording/Step3_SymptomsView.swift /Users/xuxiaolong/OpenSource/migraine_note_ios/migraine_note/migraine_note/Views/Recording/Step4_TriggersView.swift /Users/xuxiaolong/OpenSource/migraine_note_ios/migraine_note/migraine_note/Views/Recording/Step5_InterventionsView.swift /Users/xuxiaolong/OpenSource/migraine_note_ios/migraine_note/migraine_note/Views/Settings/LabelManagement/LabelManagementView.swift /Users/xuxiaolong/OpenSource/migraine_note_ios/migraine_note/migraine_note/Views/Settings/LabelManagement/LabelRow.swift /Users/xuxiaolong/OpenSource/migraine_note_ios/migraine_note/migraine_note/Views/Settings/LabelManagement/MedicationPresetEditor.swift /Users/xuxiaolong/OpenSource/migraine_note_ios/migraine_note/migraine_note/Views/Settings/LabelManagement/SymptomLabelEditor.swift (in target 'migraine_note' from project 'migraine_note')

SwiftCompile normal arm64 /Users/xuxiaolong/OpenSource/migraine_note_ios/migraine_note/migraine_note/Views/Recording/Step3_SymptomsView.swift (in target 'migraine_note' from project 'migraine_note')
    cd /Users/xuxiaolong/OpenSource/migraine_note_ios/migraine_note
    

SwiftCompile normal arm64 /Users/xuxiaolong/OpenSource/migraine_note_ios/migraine_note/migraine_note/Views/Recording/Step4_TriggersView.swift (in target 'migraine_note' from project 'migraine_note')
    cd /Users/xuxiaolong/OpenSource/migraine_note_ios/migraine_note
    

SwiftCompile normal arm64 /Users/xuxiaolong/OpenSource/migraine_note_ios/migraine_note/migraine_note/Views/Recording/Step5_InterventionsView.swift (in target 'migraine_note' from project 'migraine_note')
    cd /Users/xuxiaolong/OpenSource/migraine_note_ios/migraine_note
    

SwiftCompile normal arm64 /Users/xuxiaolong/OpenSource/migraine_note_ios/migraine_note/migraine_note/Views/Settings/LabelManagement/LabelManagementView.swift (in target 'migraine_note' from project 'migraine_note')
    cd /Users/xuxiaolong/OpenSource/migraine_note_ios/migraine_note
    

SwiftCompile normal arm64 /Users/xuxiaolong/OpenSource/migraine_note_ios/migraine_note/migraine_note/Views/Settings/LabelManagement/LabelRow.swift (in target 'migraine_note' from project 'migraine_note')
    cd /Users/xuxiaolong/OpenSource/migraine_note_ios/migraine_note
    

SwiftCompile normal arm64 /Users/xuxiaolong/OpenSource/migraine_note_ios/migraine_note/migraine_note/Views/Settings/LabelManagement/MedicationPresetEditor.swift (in target 'migraine_note' from project 'migraine_note')
    cd /Users/xuxiaolong/OpenSource/migraine_note_ios/migraine_note
    

SwiftCompile normal arm64 /Users/xuxiaolong/OpenSource/migraine_note_ios/migraine_note/migraine_note/Views/Settings/LabelManagement/SymptomLabelEditor.swift (in target 'migraine_note' from project 'migraine_note')
    cd /Users/xuxiaolong/OpenSource/migraine_note_ios/migraine_note
    

SwiftCompile normal arm64 Compiling\ CalendarViewModel.swift,\ HomeViewModel.swift,\ MedicationViewModel.swift,\ RecordingViewModel.swift,\ AnalyticsView.swift,\ ExportReportView.swift,\ AttackDetailView.swift /Users/xuxiaolong/OpenSource/migraine_note_ios/migraine_note/migraine_note/ViewModels/CalendarViewModel.swift /Users/xuxiaolong/OpenSource/migraine_note_ios/migraine_note/migraine_note/ViewModels/HomeViewModel.swift /Users/xuxiaolong/OpenSource/migraine_note_ios/migraine_note/migraine_note/ViewModels/MedicationViewModel.swift /Users/xuxiaolong/OpenSource/migraine_note_ios/migraine_note/migraine_note/ViewModels/RecordingViewModel.swift /Users/xuxiaolong/OpenSource/migraine_note_ios/migraine_note/migraine_note/Views/Analytics/AnalyticsView.swift /Users/xuxiaolong/OpenSource/migraine_note_ios/migraine_note/migraine_note/Views/Analytics/ExportReportView.swift /Users/xuxiaolong/OpenSource/migraine_note_ios/migraine_note/migraine_note/Views/AttackList/AttackDetailView.swift (in target 'migraine_note' from project 'migraine_note')
Failed frontend command:
/Applications/Xcode.app/Contents/Developer/Toolchains/XcodeDefault.xctoolchain/usr/bin/swift-frontend -frontend -c /Users/xuxiaolong/OpenSource/migraine_note_ios/migraine_note/migraine_note/DesignSystem/Components/AddCustomLabelChip.swift /Users/xuxiaolong/OpenSource/migraine_note_ios/migraine_note/migraine_note/DesignSystem/Components/Buttons.swift /Users/xuxiaolong/OpenSource/migraine_note_ios/migraine_note/migraine_note/DesignSystem/Components/CircularSlider.swift /Users/xuxiaolong/OpenSource/migraine_note_ios/migraine_note/migraine_note/DesignSystem/Components/CollapsibleSection.swift /Users/xuxiaolong/OpenSource/migraine_note_ios/migraine_note/migraine_note/DesignSystem/Components/CustomInputField.swift /Users/xuxiaolong/OpenSource/migraine_note_ios/migraine_note/migraine_note/DesignSystem/Components/DetailCard.swift /Users/xuxiaolong/OpenSource/migraine_note_ios/migraine_note/migraine_note/DesignSystem/Components/EmotionalCard.swift /Users/xuxiaolong/OpenSource/migraine_note_ios/migraine_note/migraine_note/DesignSystem/Components/FlowLayout.swift /Users/xuxiaolong/OpenSource/migraine_note_ios/migraine_note/migraine_note/DesignSystem/Components/HeadMapView.swift /Users/xuxiaolong/OpenSource/migraine_note_ios/migraine_note/migraine_note/DesignSystem/Components/HorizontalPainSlider.swift /Users/xuxiaolong/OpenSource/migraine_note_ios/migraine_note/migraine_note/DesignSystem/Components/InfoCard.swift /Users/xuxiaolong/OpenSource/migraine_note_ios/migraine_note/migraine_note/DesignSystem/Components/LoadingView.swift /Users/xuxiaolong/OpenSource/migraine_note_ios/migraine_note/migraine_note/DesignSystem/Components/PainIntensitySlider.swift /Users/xuxiaolong/OpenSource/migraine_note_ios/migraine_note/migraine_note/DesignSystem/Components/SelectableChip.swift /Users/xuxiaolong/OpenSource/migraine_note_ios/migraine_note/migraine_note/DesignSystem/AccessibilityHelpers.swift /Users/xuxiaolong/OpenSource/migraine_note_ios/migraine_note/migraine_note/DesignSystem/AnimationHelpers.swift /Users/xuxiaolong/OpenSource/migraine_note_ios/migraine_note/migraine_note/DesignSystem/Colors.swift /Users/xuxiaolong/OpenSource/migraine_note_ios/migraine_note/migraine_note/DesignSystem/LucideIcons.swift /Users/xuxiaolong/OpenSource/migraine_note_ios/migraine_note/migraine_note/DesignSystem/Spacing.swift /Users/xuxiaolong/OpenSource/migraine_note_ios/migraine_note/migraine_note/DesignSystem/Typography.swift /Users/xuxiaolong/OpenSource/migraine_note_ios/migraine_note/migraine_note/Extensions/Date+Extensions.swift /Users/xuxiaolong/OpenSource/migraine_note_ios/migraine_note/migraine_note/Models/AttackRecord.swift /Users/xuxiaolong/OpenSource/migraine_note_ios/migraine_note/migraine_note/Models/CustomLabelConfig.swift /Users/xuxiaolong/OpenSource/migraine_note_ios/migraine_note/migraine_note/Models/Medication.swift /Users/xuxiaolong/OpenSource/migraine_note_ios/migraine_note/migraine_note/Models/MedicationLog.swift /Users/xuxiaolong/OpenSource/migraine_note_ios/migraine_note/migraine_note/Models/PainLocation.swift /Users/xuxiaolong/OpenSource/migraine_note_ios/migraine_note/migraine_note/Models/Symptom.swift /Users/xuxiaolong/OpenSource/migraine_note_ios/migraine_note/migraine_note/Models/Trigger.swift /Users/xuxiaolong/OpenSource/migraine_note_ios/migraine_note/migraine_note/Models/UserProfile.swift /Users/xuxiaolong/OpenSource/migraine_note_ios/migraine_note/migraine_note/Models/WeatherSnapshot.swift /Users/xuxiaolong/OpenSource/migraine_note_ios/migraine_note/migraine_note/Services/AnalyticsEngine.swift /Users/xuxiaolong/OpenSource/migraine_note_ios/migraine_note/migraine_note/Services/CloudKitManager.swift /Users/xuxiaolong/OpenSource/migraine_note_ios/migraine_note/migraine_note/Services/HealthKitManager.swift /Users/xuxiaolong/OpenSource/migraine_note_ios/migraine_note/migraine_note/Services/LabelManager.swift /Users/xuxiaolong/OpenSource/migraine_note_ios/migraine_note/migraine_note/Services/MedicalReportGenerator.swift /Users/xuxiaolong/OpenSource/migraine_note_ios/migraine_note/migraine_note/Services/MOHDetector.swift /Users/xuxiaolong/OpenSource/migraine_note_ios/migraine_note/migraine_note/Services/WeatherManager.swift /Users/xuxiaolong/OpenSource/migraine_note_ios/migraine_note/migraine_note/Utils/TestDataManager.swift /Users/xuxiaolong/OpenSource/migraine_note_ios/migraine_note/migraine_note/ViewModels/AttackListViewModel.swift -primary-file /Users/xuxiaolong/OpenSource/migraine_note_ios/migraine_note/migraine_note/ViewModels/CalendarViewModel.swift -primary-file /Users/xuxiaolong/OpenSource/migraine_note_ios/migraine_note/migraine_note/ViewModels/HomeViewModel.swift -primary-file /Users/xuxiaolong/OpenSource/migraine_note_ios/migraine_note/migraine_note/ViewModels/MedicationViewModel.swift -primary-file /Users/xuxiaolong/OpenSource/migraine_note_ios/migraine_note/migraine_note/ViewModels/RecordingViewModel.swift -primary-file /Users/xuxiaolong/OpenSource/migraine_note_ios/migraine_note/migraine_note/Views/Analytics/AnalyticsView.swift -primary-file /Users/xuxiaolong/OpenSource/migraine_note_ios/migraine_note/migraine_note/Views/Analytics/ExportReportView.swift -primary-file /Users/xuxiaolong/OpenSource/migraine_note_ios/migraine_note/migraine_note/Views/AttackList/AttackDetailView.swift /Users/xuxiaolong/OpenSource/migraine_note_ios/migraine_note/migraine_note/Views/AttackList/AttackListView.swift /Users/xuxiaolong/OpenSource/migraine_note_ios/migraine_note/migraine_note/Views/AttackList/EditAttackView.swift /Users/xuxiaolong/OpenSource/migraine_note_ios/migraine_note/migraine_note/Views/Calendar/CalendarView.swift /Users/xuxiaolong/OpenSource/migraine_note_ios/migraine_note/migraine_note/Views/Home/HomeView.swift /Users/xuxiaolong/OpenSource/migraine_note_ios/migraine_note/migraine_note/Views/Medication/AddMedicationView.swift /Users/xuxiaolong/OpenSource/migraine_note_ios/migraine_note/migraine_note/Views/Medication/MedicationDetailView.swift /Users/xuxiaolong/OpenSource/migraine_note_ios/migraine_note/migraine_note/Views/Medication/MedicationListView.swift /Users/xuxiaolong/OpenSource/migraine_note_ios/migraine_note/migraine_note/Views/Onboarding/OnboardingView.swift /Users/xuxiaolong/OpenSource/migraine_note_ios/migraine_note/migraine_note/Views/Profile/ProfileView.swift /Users/xuxiaolong/OpenSource/migraine_note_ios/migraine_note/migraine_note/Views/Recording/MedicationPickerSheet.swift /Users/xuxiaolong/OpenSource/migraine_note_ios/migraine_note/migraine_note/Views/Recording/RecordingContainerView.swift /Users/xuxiaolong/OpenSource/migraine_note_ios/migraine_note/migraine_note/Views/Recording/SimplifiedRecordingView.swift /Users/xuxiaolong/OpenSource/migraine_note_ios/migraine_note/migraine_note/Views/Recording/Step1_TimeView.swift /Users/xuxiaolong/OpenSource/migraine_note_ios/migraine_note/migraine_note/Views/Recording/Step2_PainAssessmentView.swift /Users/xuxiaolong/OpenSource/migraine_note_ios/migraine_note/migraine_note/Views/Recording/Step3_SymptomsView.swift /Users/xuxiaolong/OpenSource/migraine_note_ios/migraine_note/migraine_note/Views/Recording/Step4_TriggersView.swift /Users/xuxiaolong/OpenSource/migraine_note_ios/migraine_note/migraine_note/Views/Recording/Step5_InterventionsView.swift /Users/xuxiaolong/OpenSource/migraine_note_ios/migraine_note/migraine_note/Views/Settings/LabelManagement/LabelManagementView.swift /Users/xuxiaolong/OpenSource/migraine_note_ios/migraine_note/migraine_note/Views/Settings/LabelManagement/LabelRow.swift /Users/xuxiaolong/OpenSource/migraine_note_ios/migraine_note/migraine_note/Views/Settings/LabelManagement/MedicationPresetEditor.swift /Users/xuxiaolong/OpenSource/migraine_note_ios/migraine_note/migraine_note/Views/Settings/LabelManagement/SymptomLabelEditor.swift /Users/xuxiaolong/OpenSource/migraine_note_ios/migraine_note/migraine_note/Views/Settings/LabelManagement/TriggerLabelEditor.swift /Users/xuxiaolong/OpenSource/migraine_note_ios/migraine_note/migraine_note/Views/Settings/SettingsView.swift /Users/xuxiaolong/OpenSource/migraine_note_ios/migraine_note/migraine_note/Views/Testing/TestDataView.swift /Users/xuxiaolong/OpenSource/migraine_note_ios/migraine_note/migraine_note/Views/MainTabView.swift /Users/xuxiaolong/OpenSource/migraine_note_ios/migraine_note/migraine_note/ContentView.swift /Users/xuxiaolong/OpenSource/migraine_note_ios/migraine_note/migraine_note/migraine_noteApp.swift /Users/xuxiaolong/Library/Developer/Xcode/DerivedData/migraine_note-halpobnjzjhjiietxcgkvvkfbuii/Build/Intermediates.noindex/migraine_note.build/Debug-iphonesimulator/migraine_note.build/DerivedSources/GeneratedAssetSymbols.swift -supplementary-output-file-map /Users/xuxiaolong/Library/Developer/Xcode/DerivedData/migraine_note-halpobnjzjhjiietxcgkvvkfbuii/Build/Intermediates.noindex/migraine_note.build/Debug-iphonesimulator/migraine_note.build/Objects-normal/arm64/supplementaryOutputs-6 -emit-localized-strings -emit-localized-strings-path /Users/xuxiaolong/Library/Developer/Xcode/DerivedData/migraine_note-halpobnjzjhjiietxcgkvvkfbuii/Build/Intermediates.noindex/migraine_note.build/Debug-iphonesimulator/migraine_note.build/Objects-normal/arm64 -target arm64-apple-ios26.0-simulator -module-can-import-version DeveloperToolsSupport 23.0.4 23.0.4 -module-can-import-version SwiftUI 7.0.84.1 7.0.84 -module-can-import-version UIKit 9088.1.113 9088.1.113 -disable-cross-import-overlay-search -swift-module-cross-import SwiftData /Applications/Xcode.app/Contents/Developer/Platforms/iPhoneSimulator.platform/Developer/SDKs/iPhoneSimulator26.0.sdk/System/Library/Frameworks/SwiftData.framework/Modules/SwiftData.swiftcrossimport/CoreData.swiftoverlay -swift-module-cross-import SwiftData /Applications/Xcode.app/Contents/Developer/Platforms/iPhoneSimulator.platform/Developer/SDKs/iPhoneSimulator26.0.sdk/System/Library/Frameworks/SwiftData.framework/Modules/SwiftData.swiftcrossimport/SwiftUI.swiftoverlay -load-resolved-plugin /Applications/Xcode.app/Contents/Developer/Platforms/iPhoneOS.platform/Developer/usr/lib/swift/host/plugins/libFoundationMacros.dylib\#/Applications/Xcode.app/Contents/Developer/Platforms/iPhoneOS.platform/Developer/usr/bin/swift-plugin-server\#FoundationMacros -load-resolved-plugin /Applications/Xcode.app/Contents/Developer/Platforms/iPhoneOS.platform/Developer/usr/lib/swift/host/plugins/libObservationMacros.dylib\#/Applications/Xcode.app/Contents/Developer/Platforms/iPhoneOS.platform/Developer/usr/bin/swift-plugin-server\#ObservationMacros -load-resolved-plugin /Applications/Xcode.app/Contents/Developer/Platforms/iPhoneOS.platform/Developer/usr/lib/swift/host/plugins/libPreviewsMacros.dylib\#/Applications/Xcode.app/Contents/Developer/Platforms/iPhoneOS.platform/Developer/usr/bin/swift-plugin-server\#PreviewsMacros -load-resolved-plugin /Applications/Xcode.app/Contents/Developer/Platforms/iPhoneOS.platform/Developer/usr/lib/swift/host/plugins/libSwiftDataMacros.dylib\#/Applications/Xcode.app/Contents/Developer/Platforms/iPhoneOS.platform/Developer/usr/bin/swift-plugin-server\#SwiftDataMacros -load-resolved-plugin /Applications/Xcode.app/Contents/Developer/Platforms/iPhoneOS.platform/Developer/usr/lib/swift/host/plugins/libSwiftMacros.dylib\#/Applications/Xcode.app/Contents/Developer/Platforms/iPhoneOS.platform/Developer/usr/bin/swift-plugin-server\#SwiftMacros -load-resolved-plugin /Applications/Xcode.app/Contents/Developer/Platforms/iPhoneOS.platform/Developer/usr/lib/swift/host/plugins/libSwiftUIMacros.dylib\#/Applications/Xcode.app/Contents/Developer/Platforms/iPhoneOS.platform/Developer/usr/bin/swift-plugin-server\#SwiftUIMacros -disable-implicit-swift-modules -Xcc -fno-implicit-modules -Xcc -fno-implicit-module-maps -explicit-swift-module-map-file /Users/xuxiaolong/Library/Developer/Xcode/DerivedData/migraine_note-halpobnjzjhjiietxcgkvvkfbuii/Build/Intermediates.noindex/migraine_note.build/Debug-iphonesimulator/migraine_note.build/Objects-normal/arm64/migraine_note-dependencies-1.json -Xllvm -aarch64-use-tbi -enable-objc-interop -sdk /Applications/Xcode.app/Contents/Developer/Platforms/iPhoneSimulator.platform/Developer/SDKs/iPhoneSimulator26.0.sdk -I /Users/xuxiaolong/Library/Developer/Xcode/DerivedData/migraine_note-halpobnjzjhjiietxcgkvvkfbuii/Build/Products/Debug-iphonesimulator -F /Users/xuxiaolong/Library/Developer/Xcode/DerivedData/migraine_note-halpobnjzjhjiietxcgkvvkfbuii/Build/Products/Debug-iphonesimulator -no-color-diagnostics -Xcc -fno-color-diagnostics -enable-testing -g -debug-info-format\=dwarf -dwarf-version\=5 -module-cache-path /Users/xuxiaolong/Library/Developer/Xcode/DerivedData/migraine_note-halpobnjzjhjiietxcgkvvkfbuii/Build/Intermediates.noindex/SwiftExplicitPrecompiledModules -profile-generate -profile-coverage-mapping -swift-version 5 -enforce-exclusivity\=checked -Onone -D DEBUG -serialize-debugging-options -const-gather-protocols-file /Users/xuxiaolong/Library/Developer/Xcode/DerivedData/migraine_note-halpobnjzjhjiietxcgkvvkfbuii/Build/Intermediates.noindex/migraine_note.build/Debug-iphonesimulator/migraine_note.build/Objects-normal/arm64/migraine_note_const_extract_protocols.json -enable-upcoming-feature DisableOutwardActorInference -enable-upcoming-feature InferSendableFromCaptures -enable-upcoming-feature GlobalActorIsolatedTypesUsability -enable-upcoming-feature MemberImportVisibility -enable-upcoming-feature InferIsolatedConformances -enable-upcoming-feature NonisolatedNonsendingByDefault -enable-experimental-feature DebugDescriptionMacro -enable-bare-slash-regex -default-isolation\=MainActor -empty-abi-descriptor -validate-clang-modules-once -clang-build-session-file /Users/xuxiaolong/Library/Developer/Xcode/DerivedData/ModuleCache.noindex/Session.modulevalidation -Xcc -working-directory -Xcc /Users/xuxiaolong/OpenSource/migraine_note_ios/migraine_note -enable-anonymous-context-mangled-names -file-compilation-dir /Users/xuxiaolong/OpenSource/migraine_note_ios/migraine_note -Xcc -D_LIBCPP_HARDENING_MODE\=_LIBCPP_HARDENING_MODE_DEBUG -Xcc -ivfsstatcache -Xcc /Users/xuxiaolong/Library/Developer/Xcode/DerivedData/SDKStatCaches.noindex/iphonesimulator26.0-23A339-26257891a6c027eb51374368541b8346.sdkstatcache -Xcc -I/Users/xuxiaolong/Library/Developer/Xcode/DerivedData/migraine_note-halpobnjzjhjiietxcgkvvkfbuii/Build/Intermediates.noindex/migraine_note.build/Debug-iphonesimulator/migraine_note.build/swift-overrides.hmap -Xcc -iquote -Xcc /Users/xuxiaolong/Library/Developer/Xcode/DerivedData/migraine_note-halpobnjzjhjiietxcgkvvkfbuii/Build/Intermediates.noindex/migraine_note.build/Debug-iphonesimulator/migraine_note.build/migraine_note-generated-files.hmap -Xcc -I/Users/xuxiaolong/Library/Developer/Xcode/DerivedData/migraine_note-halpobnjzjhjiietxcgkvvkfbuii/Build/Intermediates.noindex/migraine_note.build/Debug-iphonesimulator/migraine_note.build/migraine_note-own-target-headers.hmap -Xcc -I/Users/xuxiaolong/Library/Developer/Xcode/DerivedData/migraine_note-halpobnjzjhjiietxcgkvvkfbuii/Build/Intermediates.noindex/migraine_note.build/Debug-iphonesimulator/migraine_note.build/migraine_note-all-target-headers.hmap -Xcc -iquote -Xcc /Users/xuxiaolong/Library/Developer/Xcode/DerivedData/migraine_note-halpobnjzjhjiietxcgkvvkfbuii/Build/Intermediates.noindex/migraine_note.build/Debug-iphonesimulator/migraine_note.build/migraine_note-project-headers.hmap -Xcc -I/Users/xuxiaolong/Library/Developer/Xcode/DerivedData/migraine_note-halpobnjzjhjiietxcgkvvkfbuii/Build/Products/Debug-iphonesimulator/include -Xcc -I/Users/xuxiaolong/Library/Developer/Xcode/DerivedData/migraine_note-halpobnjzjhjiietxcgkvvkfbuii/Build/Intermediates.noindex/migraine_note.build/Debug-iphonesimulator/migraine_note.build/DerivedSources-normal/arm64 -Xcc -I/Users/xuxiaolong/Library/Developer/Xcode/DerivedData/migraine_note-halpobnjzjhjiietxcgkvvkfbuii/Build/Intermediates.noindex/migraine_note.build/Debug-iphonesimulator/migraine_note.build/DerivedSources/arm64 -Xcc -I/Users/xuxiaolong/Library/Developer/Xcode/DerivedData/migraine_note-halpobnjzjhjiietxcgkvvkfbuii/Build/Intermediates.noindex/migraine_note.build/Debug-iphonesimulator/migraine_note.build/DerivedSources -Xcc -DDEBUG\=1 -no-auto-bridging-header-chaining -module-name migraine_note -frontend-parseable-output -disable-clang-spi -target-sdk-version 26.0 -target-sdk-name iphonesimulator26.0 -clang-target arm64-apple-ios26.0-simulator -in-process-plugin-server-path /Applications/Xcode.app/Contents/Developer/Toolchains/XcodeDefault.xctoolchain/usr/lib/swift/host/libSwiftInProcPluginServer.dylib -o /Users/xuxiaolong/Library/Developer/Xcode/DerivedData/migraine_note-halpobnjzjhjiietxcgkvvkfbuii/Build/Intermediates.noindex/migraine_note.build/Debug-iphonesimulator/migraine_note.build/Objects-normal/arm64/CalendarViewModel.o -o /Users/xuxiaolong/Library/Developer/Xcode/DerivedData/migraine_note-halpobnjzjhjiietxcgkvvkfbuii/Build/Intermediates.noindex/migraine_note.build/Debug-iphonesimulator/migraine_note.build/Objects-normal/arm64/HomeViewModel.o -o /Users/xuxiaolong/Library/Developer/Xcode/DerivedData/migraine_note-halpobnjzjhjiietxcgkvvkfbuii/Build/Intermediates.noindex/migraine_note.build/Debug-iphonesimulator/migraine_note.build/Objects-normal/arm64/MedicationViewModel.o -o /Users/xuxiaolong/Library/Developer/Xcode/DerivedData/migraine_note-halpobnjzjhjiietxcgkvvkfbuii/Build/Intermediates.noindex/migraine_note.build/Debug-iphonesimulator/migraine_note.build/Objects-normal/arm64/RecordingViewModel.o -o /Users/xuxiaolong/Library/Developer/Xcode/DerivedData/migraine_note-halpobnjzjhjiietxcgkvvkfbuii/Build/Intermediates.noindex/migraine_note.build/Debug-iphonesimulator/migraine_note.build/Objects-normal/arm64/AnalyticsView.o -o /Users/xuxiaolong/Library/Developer/Xcode/DerivedData/migraine_note-halpobnjzjhjiietxcgkvvkfbuii/Build/Intermediates.noindex/migraine_note.build/Debug-iphonesimulator/migraine_note.build/Objects-normal/arm64/ExportReportView.o -o /Users/xuxiaolong/Library/Developer/Xcode/DerivedData/migraine_note-halpobnjzjhjiietxcgkvvkfbuii/Build/Intermediates.noindex/migraine_note.build/Debug-iphonesimulator/migraine_note.build/Objects-normal/arm64/AttackDetailView.o -index-unit-output-path /migraine_note.build/Debug-iphonesimulator/migraine_note.build/Objects-normal/arm64/CalendarViewModel.o -index-unit-output-path /migraine_note.build/Debug-iphonesimulator/migraine_note.build/Objects-normal/arm64/HomeViewModel.o -index-unit-output-path /migraine_note.build/Debug-iphonesimulator/migraine_note.build/Objects-normal/arm64/MedicationViewModel.o -index-unit-output-path /migraine_note.build/Debug-iphonesimulator/migraine_note.build/Objects-normal/arm64/RecordingViewModel.o -index-unit-output-path /migraine_note.build/Debug-iphonesimulator/migraine_note.build/Objects-normal/arm64/AnalyticsView.o -index-unit-output-path /migraine_note.build/Debug-iphonesimulator/migraine_note.build/Objects-normal/arm64/ExportReportView.o -index-unit-output-path /migraine_note.build/Debug-iphonesimulator/migraine_note.build/Objects-normal/arm64/AttackDetailView.o -index-store-path /Users/xuxiaolong/Library/Developer/Xcode/DerivedData/migraine_note-halpobnjzjhjiietxcgkvvkfbuii/Index.noindex/DataStore -index-system-modules

SwiftCompile normal arm64 /Users/xuxiaolong/OpenSource/migraine_note_ios/migraine_note/migraine_note/ViewModels/CalendarViewModel.swift (in target 'migraine_note' from project 'migraine_note')
    cd /Users/xuxiaolong/OpenSource/migraine_note_ios/migraine_note
    

SwiftCompile normal arm64 /Users/xuxiaolong/OpenSource/migraine_note_ios/migraine_note/migraine_note/ViewModels/HomeViewModel.swift (in target 'migraine_note' from project 'migraine_note')
    cd /Users/xuxiaolong/OpenSource/migraine_note_ios/migraine_note
    
/Users/xuxiaolong/OpenSource/migraine_note_ios/migraine_note/migraine_note/ViewModels/HomeViewModel.swift:165:13: error: switch must be exhaustive
            switch weatherError {
            ^
/Users/xuxiaolong/OpenSource/migraine_note_ios/migraine_note/migraine_note/ViewModels/HomeViewModel.swift:165:13: note: add missing case: '.locationPermissionDenied'
            switch weatherError {
            ^
/Users/xuxiaolong/OpenSource/migraine_note_ios/migraine_note/migraine_note/ViewModels/HomeViewModel.swift:165:13: note: add missing case: '.networkError'
            switch weatherError {
            ^
/Users/xuxiaolong/OpenSource/migraine_note_ios/migraine_note/migraine_note/ViewModels/HomeViewModel.swift:165:13: note: add missing cases
            switch weatherError {
            ^

SwiftCompile normal arm64 /Users/xuxiaolong/OpenSource/migraine_note_ios/migraine_note/migraine_note/ViewModels/MedicationViewModel.swift (in target 'migraine_note' from project 'migraine_note')
    cd /Users/xuxiaolong/OpenSource/migraine_note_ios/migraine_note
    

SwiftCompile normal arm64 /Users/xuxiaolong/OpenSource/migraine_note_ios/migraine_note/migraine_note/ViewModels/RecordingViewModel.swift (in target 'migraine_note' from project 'migraine_note')
    cd /Users/xuxiaolong/OpenSource/migraine_note_ios/migraine_note
    
/Users/xuxiaolong/OpenSource/migraine_note_ios/migraine_note/migraine_note/ViewModels/RecordingViewModel.swift:168:13: warning: initialization of immutable value 'allPainQualities' was never used; consider replacing with assignment to '_' or removing it
        let allPainQualities = Array(selectedPainQualities) + customPainQualities.map { quality in
        ~~~~^~~~~~~~~~~~~~~~
        _

SwiftCompile normal arm64 /Users/xuxiaolong/OpenSource/migraine_note_ios/migraine_note/migraine_note/Views/Analytics/AnalyticsView.swift (in target 'migraine_note' from project 'migraine_note')
    cd /Users/xuxiaolong/OpenSource/migraine_note_ios/migraine_note
    
/Users/xuxiaolong/OpenSource/migraine_note_ios/migraine_note/migraine_note/Views/Analytics/AnalyticsView.swift:290:13: warning: initialization of immutable value 'medicationStats' was never used; consider replacing with assignment to '_' or removing it
        let medicationStats = analyticsEngine.analyzeMedicationUsage(in: selectedTimeRange.dateRange)
        ~~~~^~~~~~~~~~~~~~~
        _

SwiftCompile normal arm64 /Users/xuxiaolong/OpenSource/migraine_note_ios/migraine_note/migraine_note/Views/Analytics/ExportReportView.swift (in target 'migraine_note' from project 'migraine_note')
    cd /Users/xuxiaolong/OpenSource/migraine_note_ios/migraine_note
    

SwiftCompile normal arm64 /Users/xuxiaolong/OpenSource/migraine_note_ios/migraine_note/migraine_note/Views/AttackList/AttackDetailView.swift (in target 'migraine_note' from project 'migraine_note')
    cd /Users/xuxiaolong/OpenSource/migraine_note_ios/migraine_note
    

SwiftCompile normal arm64 Compiling\ MedicationLog.swift,\ PainLocation.swift,\ Symptom.swift,\ Trigger.swift,\ UserProfile.swift,\ WeatherSnapshot.swift,\ AnalyticsEngine.swift,\ CloudKitManager.swift /Users/xuxiaolong/OpenSource/migraine_note_ios/migraine_note/migraine_note/Models/MedicationLog.swift /Users/xuxiaolong/OpenSource/migraine_note_ios/migraine_note/migraine_note/Models/PainLocation.swift /Users/xuxiaolong/OpenSource/migraine_note_ios/migraine_note/migraine_note/Models/Symptom.swift /Users/xuxiaolong/OpenSource/migraine_note_ios/migraine_note/migraine_note/Models/Trigger.swift /Users/xuxiaolong/OpenSource/migraine_note_ios/migraine_note/migraine_note/Models/UserProfile.swift /Users/xuxiaolong/OpenSource/migraine_note_ios/migraine_note/migraine_note/Models/WeatherSnapshot.swift /Users/xuxiaolong/OpenSource/migraine_note_ios/migraine_note/migraine_note/Services/AnalyticsEngine.swift /Users/xuxiaolong/OpenSource/migraine_note_ios/migraine_note/migraine_note/Services/CloudKitManager.swift (in target 'migraine_note' from project 'migraine_note')

SwiftCompile normal arm64 /Users/xuxiaolong/OpenSource/migraine_note_ios/migraine_note/migraine_note/Models/MedicationLog.swift (in target 'migraine_note' from project 'migraine_note')
    cd /Users/xuxiaolong/OpenSource/migraine_note_ios/migraine_note
    

SwiftCompile normal arm64 /Users/xuxiaolong/OpenSource/migraine_note_ios/migraine_note/migraine_note/Models/PainLocation.swift (in target 'migraine_note' from project 'migraine_note')
    cd /Users/xuxiaolong/OpenSource/migraine_note_ios/migraine_note
    

SwiftCompile normal arm64 /Users/xuxiaolong/OpenSource/migraine_note_ios/migraine_note/migraine_note/Models/Symptom.swift (in target 'migraine_note' from project 'migraine_note')
    cd /Users/xuxiaolong/OpenSource/migraine_note_ios/migraine_note
    

SwiftCompile normal arm64 /Users/xuxiaolong/OpenSource/migraine_note_ios/migraine_note/migraine_note/Models/Trigger.swift (in target 'migraine_note' from project 'migraine_note')
    cd /Users/xuxiaolong/OpenSource/migraine_note_ios/migraine_note
    

SwiftCompile normal arm64 /Users/xuxiaolong/OpenSource/migraine_note_ios/migraine_note/migraine_note/Models/UserProfile.swift (in target 'migraine_note' from project 'migraine_note')
    cd /Users/xuxiaolong/OpenSource/migraine_note_ios/migraine_note
    

SwiftCompile normal arm64 /Users/xuxiaolong/OpenSource/migraine_note_ios/migraine_note/migraine_note/Models/WeatherSnapshot.swift (in target 'migraine_note' from project 'migraine_note')
    cd /Users/xuxiaolong/OpenSource/migraine_note_ios/migraine_note
    

SwiftCompile normal arm64 /Users/xuxiaolong/OpenSource/migraine_note_ios/migraine_note/migraine_note/Services/AnalyticsEngine.swift (in target 'migraine_note' from project 'migraine_note')
    cd /Users/xuxiaolong/OpenSource/migraine_note_ios/migraine_note
    

SwiftCompile normal arm64 /Users/xuxiaolong/OpenSource/migraine_note_ios/migraine_note/migraine_note/Services/CloudKitManager.swift (in target 'migraine_note' from project 'migraine_note')
    cd /Users/xuxiaolong/OpenSource/migraine_note_ios/migraine_note
    

SwiftCompile normal arm64 Compiling\ OnboardingView.swift,\ ProfileView.swift,\ MedicationPickerSheet.swift,\ RecordingContainerView.swift,\ SimplifiedRecordingView.swift,\ Step1_TimeView.swift,\ Step2_PainAssessmentView.swift /Users/xuxiaolong/OpenSource/migraine_note_ios/migraine_note/migraine_note/Views/Onboarding/OnboardingView.swift /Users/xuxiaolong/OpenSource/migraine_note_ios/migraine_note/migraine_note/Views/Profile/ProfileView.swift /Users/xuxiaolong/OpenSource/migraine_note_ios/migraine_note/migraine_note/Views/Recording/MedicationPickerSheet.swift /Users/xuxiaolong/OpenSource/migraine_note_ios/migraine_note/migraine_note/Views/Recording/RecordingContainerView.swift /Users/xuxiaolong/OpenSource/migraine_note_ios/migraine_note/migraine_note/Views/Recording/SimplifiedRecordingView.swift /Users/xuxiaolong/OpenSource/migraine_note_ios/migraine_note/migraine_note/Views/Recording/Step1_TimeView.swift /Users/xuxiaolong/OpenSource/migraine_note_ios/migraine_note/migraine_note/Views/Recording/Step2_PainAssessmentView.swift (in target 'migraine_note' from project 'migraine_note')

SwiftCompile normal arm64 /Users/xuxiaolong/OpenSource/migraine_note_ios/migraine_note/migraine_note/Views/Onboarding/OnboardingView.swift (in target 'migraine_note' from project 'migraine_note')
    cd /Users/xuxiaolong/OpenSource/migraine_note_ios/migraine_note
    

SwiftCompile normal arm64 /Users/xuxiaolong/OpenSource/migraine_note_ios/migraine_note/migraine_note/Views/Profile/ProfileView.swift (in target 'migraine_note' from project 'migraine_note')
    cd /Users/xuxiaolong/OpenSource/migraine_note_ios/migraine_note
    

SwiftCompile normal arm64 /Users/xuxiaolong/OpenSource/migraine_note_ios/migraine_note/migraine_note/Views/Recording/MedicationPickerSheet.swift (in target 'migraine_note' from project 'migraine_note')
    cd /Users/xuxiaolong/OpenSource/migraine_note_ios/migraine_note
    

SwiftCompile normal arm64 /Users/xuxiaolong/OpenSource/migraine_note_ios/migraine_note/migraine_note/Views/Recording/RecordingContainerView.swift (in target 'migraine_note' from project 'migraine_note')
    cd /Users/xuxiaolong/OpenSource/migraine_note_ios/migraine_note
    

SwiftCompile normal arm64 /Users/xuxiaolong/OpenSource/migraine_note_ios/migraine_note/migraine_note/Views/Recording/SimplifiedRecordingView.swift (in target 'migraine_note' from project 'migraine_note')
    cd /Users/xuxiaolong/OpenSource/migraine_note_ios/migraine_note
    

SwiftCompile normal arm64 /Users/xuxiaolong/OpenSource/migraine_note_ios/migraine_note/migraine_note/Views/Recording/Step1_TimeView.swift (in target 'migraine_note' from project 'migraine_note')
    cd /Users/xuxiaolong/OpenSource/migraine_note_ios/migraine_note
    

SwiftCompile normal arm64 /Users/xuxiaolong/OpenSource/migraine_note_ios/migraine_note/migraine_note/Views/Recording/Step2_PainAssessmentView.swift (in target 'migraine_note' from project 'migraine_note')
    cd /Users/xuxiaolong/OpenSource/migraine_note_ios/migraine_note
    

SwiftEmitModule normal arm64 Emitting\ module\ for\ migraine_note (in target 'migraine_note' from project 'migraine_note')
EmitSwiftModule normal arm64 (in target 'migraine_note' from project 'migraine_note')
    cd /Users/xuxiaolong/OpenSource/migraine_note_ios/migraine_note
    

LinkAssetCatalog /Users/xuxiaolong/OpenSource/migraine_note_ios/migraine_note/migraine_note/Assets.xcassets (in target 'migraine_note' from project 'migraine_note')
    cd /Users/xuxiaolong/OpenSource/migraine_note_ios/migraine_note
    builtin-linkAssetCatalog --thinned /Users/xuxiaolong/Library/Developer/Xcode/DerivedData/migraine_note-halpobnjzjhjiietxcgkvvkfbuii/Build/Intermediates.noindex/migraine_note.build/Debug-iphonesimulator/migraine_note.build/assetcatalog_output/thinned --thinned-dependencies /Users/xuxiaolong/Library/Developer/Xcode/DerivedData/migraine_note-halpobnjzjhjiietxcgkvvkfbuii/Build/Intermediates.noindex/migraine_note.build/Debug-iphonesimulator/migraine_note.build/assetcatalog_dependencies_thinned --thinned-info-plist-content /Users/xuxiaolong/Library/Developer/Xcode/DerivedData/migraine_note-halpobnjzjhjiietxcgkvvkfbuii/Build/Intermediates.noindex/migraine_note.build/Debug-iphonesimulator/migraine_note.build/assetcatalog_generated_info.plist_thinned --unthinned /Users/xuxiaolong/Library/Developer/Xcode/DerivedData/migraine_note-halpobnjzjhjiietxcgkvvkfbuii/Build/Intermediates.noindex/migraine_note.build/Debug-iphonesimulator/migraine_note.build/assetcatalog_output/unthinned --unthinned-dependencies /Users/xuxiaolong/Library/Developer/Xcode/DerivedData/migraine_note-halpobnjzjhjiietxcgkvvkfbuii/Build/Intermediates.noindex/migraine_note.build/Debug-iphonesimulator/migraine_note.build/assetcatalog_dependencies_unthinned --unthinned-info-plist-content /Users/xuxiaolong/Library/Developer/Xcode/DerivedData/migraine_note-halpobnjzjhjiietxcgkvvkfbuii/Build/Intermediates.noindex/migraine_note.build/Debug-iphonesimulator/migraine_note.build/assetcatalog_generated_info.plist_unthinned --output /Users/xuxiaolong/Library/Developer/Xcode/DerivedData/migraine_note-halpobnjzjhjiietxcgkvvkfbuii/Build/Products/Debug-iphonesimulator/migraine_note.app --plist-output /Users/xuxiaolong/Library/Developer/Xcode/DerivedData/migraine_note-halpobnjzjhjiietxcgkvvkfbuii/Build/Intermediates.noindex/migraine_note.build/Debug-iphonesimulator/migraine_note.build/assetcatalog_generated_info.plist

SwiftDriverJobDiscovery normal arm64 Compiling MedicationLog.swift, PainLocation.swift, Symptom.swift, Trigger.swift, UserProfile.swift, WeatherSnapshot.swift, AnalyticsEngine.swift, CloudKitManager.swift (in target 'migraine_note' from project 'migraine_note')

SwiftCompile normal arm64 Compiling\ TriggerLabelEditor.swift,\ SettingsView.swift,\ TestDataView.swift,\ MainTabView.swift,\ ContentView.swift,\ migraine_noteApp.swift,\ GeneratedAssetSymbols.swift /Users/xuxiaolong/OpenSource/migraine_note_ios/migraine_note/migraine_note/Views/Settings/LabelManagement/TriggerLabelEditor.swift /Users/xuxiaolong/OpenSource/migraine_note_ios/migraine_note/migraine_note/Views/Settings/SettingsView.swift /Users/xuxiaolong/OpenSource/migraine_note_ios/migraine_note/migraine_note/Views/Testing/TestDataView.swift /Users/xuxiaolong/OpenSource/migraine_note_ios/migraine_note/migraine_note/Views/MainTabView.swift /Users/xuxiaolong/OpenSource/migraine_note_ios/migraine_note/migraine_note/ContentView.swift /Users/xuxiaolong/OpenSource/migraine_note_ios/migraine_note/migraine_note/migraine_noteApp.swift /Users/xuxiaolong/Library/Developer/Xcode/DerivedData/migraine_note-halpobnjzjhjiietxcgkvvkfbuii/Build/Intermediates.noindex/migraine_note.build/Debug-iphonesimulator/migraine_note.build/DerivedSources/GeneratedAssetSymbols.swift (in target 'migraine_note' from project 'migraine_note')

SwiftCompile normal arm64 /Users/xuxiaolong/OpenSource/migraine_note_ios/migraine_note/migraine_note/Views/Settings/LabelManagement/TriggerLabelEditor.swift (in target 'migraine_note' from project 'migraine_note')
    cd /Users/xuxiaolong/OpenSource/migraine_note_ios/migraine_note
    

SwiftCompile normal arm64 /Users/xuxiaolong/OpenSource/migraine_note_ios/migraine_note/migraine_note/Views/Settings/SettingsView.swift (in target 'migraine_note' from project 'migraine_note')
    cd /Users/xuxiaolong/OpenSource/migraine_note_ios/migraine_note
    

SwiftCompile normal arm64 /Users/xuxiaolong/OpenSource/migraine_note_ios/migraine_note/migraine_note/Views/Testing/TestDataView.swift (in target 'migraine_note' from project 'migraine_note')
    cd /Users/xuxiaolong/OpenSource/migraine_note_ios/migraine_note
    

SwiftCompile normal arm64 /Users/xuxiaolong/OpenSource/migraine_note_ios/migraine_note/migraine_note/Views/MainTabView.swift (in target 'migraine_note' from project 'migraine_note')
    cd /Users/xuxiaolong/OpenSource/migraine_note_ios/migraine_note
    

SwiftCompile normal arm64 /Users/xuxiaolong/OpenSource/migraine_note_ios/migraine_note/migraine_note/ContentView.swift (in target 'migraine_note' from project 'migraine_note')
    cd /Users/xuxiaolong/OpenSource/migraine_note_ios/migraine_note
    

SwiftCompile normal arm64 /Users/xuxiaolong/OpenSource/migraine_note_ios/migraine_note/migraine_note/migraine_noteApp.swift (in target 'migraine_note' from project 'migraine_note')
    cd /Users/xuxiaolong/OpenSource/migraine_note_ios/migraine_note
    

SwiftCompile normal arm64 /Users/xuxiaolong/Library/Developer/Xcode/DerivedData/migraine_note-halpobnjzjhjiietxcgkvvkfbuii/Build/Intermediates.noindex/migraine_note.build/Debug-iphonesimulator/migraine_note.build/DerivedSources/GeneratedAssetSymbols.swift (in target 'migraine_note' from project 'migraine_note')
    cd /Users/xuxiaolong/OpenSource/migraine_note_ios/migraine_note
    

ProcessInfoPlistFile /Users/xuxiaolong/Library/Developer/Xcode/DerivedData/migraine_note-halpobnjzjhjiietxcgkvvkfbuii/Build/Products/Debug-iphonesimulator/migraine_note.app/Info.plist /Users/xuxiaolong/OpenSource/migraine_note_ios/migraine_note/migraine_note/Info.plist (in target 'migraine_note' from project 'migraine_note')
    cd /Users/xuxiaolong/OpenSource/migraine_note_ios/migraine_note
    builtin-infoPlistUtility /Users/xuxiaolong/OpenSource/migraine_note_ios/migraine_note/migraine_note/Info.plist -producttype com.apple.product-type.application -genpkginfo /Users/xuxiaolong/Library/Developer/Xcode/DerivedData/migraine_note-halpobnjzjhjiietxcgkvvkfbuii/Build/Products/Debug-iphonesimulator/migraine_note.app/PkgInfo -expandbuildsettings -format binary -platform iphonesimulator -additionalcontentfile /Users/xuxiaolong/Library/Developer/Xcode/DerivedData/migraine_note-halpobnjzjhjiietxcgkvvkfbuii/Build/Intermediates.noindex/migraine_note.build/Debug-iphonesimulator/migraine_note.build/assetcatalog_generated_info.plist -o /Users/xuxiaolong/Library/Developer/Xcode/DerivedData/migraine_note-halpobnjzjhjiietxcgkvvkfbuii/Build/Products/Debug-iphonesimulator/migraine_note.app/Info.plist

SwiftDriverJobDiscovery normal arm64 Compiling HealthKitManager.swift, LabelManager.swift, MedicalReportGenerator.swift, MOHDetector.swift, WeatherManager.swift, TestDataManager.swift, AttackListViewModel.swift (in target 'migraine_note' from project 'migraine_note')

SwiftDriverJobDiscovery normal arm64 Compiling Colors.swift, LucideIcons.swift, Spacing.swift, Typography.swift, Date+Extensions.swift, AttackRecord.swift, CustomLabelConfig.swift, Medication.swift (in target 'migraine_note' from project 'migraine_note')

SwiftDriverJobDiscovery normal arm64 Compiling AddCustomLabelChip.swift, Buttons.swift, CircularSlider.swift, CollapsibleSection.swift, CustomInputField.swift, DetailCard.swift, EmotionalCard.swift, FlowLayout.swift (in target 'migraine_note' from project 'migraine_note')

SwiftDriverJobDiscovery normal arm64 Compiling HeadMapView.swift, HorizontalPainSlider.swift, InfoCard.swift, LoadingView.swift, PainIntensitySlider.swift, SelectableChip.swift, AccessibilityHelpers.swift, AnimationHelpers.swift (in target 'migraine_note' from project 'migraine_note')

** BUILD FAILED **


The following build commands failed:
	SwiftCompile normal arm64 Compiling\ CalendarViewModel.swift,\ HomeViewModel.swift,\ MedicationViewModel.swift,\ RecordingViewModel.swift,\ AnalyticsView.swift,\ ExportReportView.swift,\ AttackDetailView.swift /Users/xuxiaolong/OpenSource/migraine_note_ios/migraine_note/migraine_note/ViewModels/CalendarViewModel.swift /Users/xuxiaolong/OpenSource/migraine_note_ios/migraine_note/migraine_note/ViewModels/HomeViewModel.swift /Users/xuxiaolong/OpenSource/migraine_note_ios/migraine_note/migraine_note/ViewModels/MedicationViewModel.swift /Users/xuxiaolong/OpenSource/migraine_note_ios/migraine_note/migraine_note/ViewModels/RecordingViewModel.swift /Users/xuxiaolong/OpenSource/migraine_note_ios/migraine_note/migraine_note/Views/Analytics/AnalyticsView.swift /Users/xuxiaolong/OpenSource/migraine_note_ios/migraine_note/migraine_note/Views/Analytics/ExportReportView.swift /Users/xuxiaolong/OpenSource/migraine_note_ios/migraine_note/migraine_note/Views/AttackList/AttackDetailView.swift (in target 'migraine_note' from project 'migraine_note')
	SwiftCompile normal arm64 /Users/xuxiaolong/OpenSource/migraine_note_ios/migraine_note/migraine_note/ViewModels/HomeViewModel.swift (in target 'migraine_note' from project 'migraine_note')
	Building project migraine_note with scheme migraine_note
(3 failures)
